{
  "uid" : "249f102fb9e87f40",
  "name" : "报备人员面试通过",
  "fullName" : "cases.test_case_pytest#test_04",
  "historyId" : "ba693dff19a7571f21ec7658a9d62b83",
  "time" : {
    "start" : 1657610152817,
    "stop" : 1657610154739,
    "duration" : 1922
  },
  "description" : "综合数据处理",
  "descriptionHtml" : "<p>综合数据处理</p>\n",
  "status" : "broken",
  "statusMessage" : "selenium.common.exceptions.ElementClickInterceptedException: Message: element click intercepted: Element <div aria-haspopup=\"true\" class=\"ant-menu-submenu-title\" style=\"padding-left: 24px;\">...</div> is not clickable at point (135, 152). Other element would receive the click: <div tabindex=\"-1\" role=\"dialog\" aria-labelledby=\"rcDialogTitle0\" class=\"ant-modal-wrap \">...</div>\n  (Session info: chrome=103.0.5060.114)\nStacktrace:\nBacktrace:\n\tOrdinal0 [0x007DD953+2414931]\n\tOrdinal0 [0x0076F5E1+1963489]\n\tOrdinal0 [0x0065C6B8+837304]\n\tOrdinal0 [0x0068FC27+1047591]\n\tOrdinal0 [0x0068DC08+1039368]\n\tOrdinal0 [0x0068B90B+1030411]\n\tOrdinal0 [0x0068A659+1025625]\n\tOrdinal0 [0x00680293+983699]\n\tOrdinal0 [0x006A449C+1131676]\n\tOrdinal0 [0x0067FC74+982132]\n\tOrdinal0 [0x006A46B4+1132212]\n\tOrdinal0 [0x006B4812+1198098]\n\tOrdinal0 [0x006A42B6+1131190]\n\tOrdinal0 [0x0067E860+976992]\n\tOrdinal0 [0x0067F756+980822]\n\tGetHandleVerifier [0x00A4CC62+2510274]\n\tGetHandleVerifier [0x00A3F760+2455744]\n\tGetHandleVerifier [0x0086EABA+551962]\n\tGetHandleVerifier [0x0086D916+547446]\n\tOrdinal0 [0x00775F3B+1990459]\n\tOrdinal0 [0x0077A898+2009240]\n\tOrdinal0 [0x0077A985+2009477]\n\tOrdinal0 [0x00783AD1+2046673]\n\tBaseThreadInitThunk [0x75F2FA29+25]\n\tRtlGetAppContainerNamedObjectPath [0x77AB7A9E+286]\n\tRtlGetAppContainerNamedObjectPath [0x77AB7A6E+238]",
  "statusTrace" : "remote_driver = <selenium.webdriver.remote.webdriver.WebDriver (session=\"7133858d4eb55a8282a5785140dbb93e\")>\n\n    @pytest.mark.run(order=4)\n    @pytest.mark.workspace\n    @allure.feature(\"正常报备\")\n    @allure.story(\"报备人员面试通过\")\n    @allure.title(\"报备人员面试通过\")\n    def test_04(remote_driver):\n        wp = WorkPlace(remote_driver)\n>       wp.open_datas()\n\ncases\\test_case_pytest.py:113: \n_ _ _ _ _ _ _ _ _ _ _ _ _ _ _ _ _ _ _ _ _ _ _ _ _ _ _ _ _ _ _ _ _ _ _ _ _ _ _ _\npages\\workplace_page\\workplace_page.py:35: in open_datas\n    self.click(self.data_center)\nbase\\base_page.py:42: in click\n    self.locator(loc).click()\nd:\\工具\\python\\lib\\site-packages\\selenium\\webdriver\\remote\\webelement.py:89: in click\n    self._execute(Command.CLICK_ELEMENT)\nd:\\工具\\python\\lib\\site-packages\\selenium\\webdriver\\remote\\webelement.py:773: in _execute\n    return self._parent.execute(command, params)\nd:\\工具\\python\\lib\\site-packages\\selenium\\webdriver\\remote\\webdriver.py:430: in execute\n    self.error_handler.check_response(response)\n_ _ _ _ _ _ _ _ _ _ _ _ _ _ _ _ _ _ _ _ _ _ _ _ _ _ _ _ _ _ _ _ _ _ _ _ _ _ _ _\n\nself = <selenium.webdriver.remote.errorhandler.ErrorHandler object at 0x0404B0E8>\nresponse = {'status': 400, 'value': '{\"value\":{\"error\":\"element click intercepted\",\"message\":\"element click intercepted: Element ...\\n\\\\tRtlGetAppContainerNamedObjectPath [0x77AB7A9E+286]\\\\n\\\\tRtlGetAppContainerNamedObjectPath [0x77AB7A6E+238]\\\\n\"}}'}\n\n    def check_response(self, response: Dict[str, Any]) -> None:\n        \"\"\"\n        Checks that a JSON response from the WebDriver does not have an error.\n    \n        :Args:\n         - response - The JSON response from the WebDriver server as a dictionary\n           object.\n    \n        :Raises: If the response contains an error message.\n        \"\"\"\n        status = response.get('status', None)\n        if not status or status == ErrorCode.SUCCESS:\n            return\n        value = None\n        message = response.get(\"message\", \"\")\n        screen: str = response.get(\"screen\", \"\")\n        stacktrace = None\n        if isinstance(status, int):\n            value_json = response.get('value', None)\n            if value_json and isinstance(value_json, str):\n                import json\n                try:\n                    value = json.loads(value_json)\n                    if len(value.keys()) == 1:\n                        value = value['value']\n                    status = value.get('error', None)\n                    if not status:\n                        status = value.get(\"status\", ErrorCode.UNKNOWN_ERROR)\n                        message = value.get(\"value\") or value.get(\"message\")\n                        if not isinstance(message, str):\n                            value = message\n                            message = message.get('message')\n                    else:\n                        message = value.get('message', None)\n                except ValueError:\n                    pass\n    \n        exception_class: Type[WebDriverException]\n        if status in ErrorCode.NO_SUCH_ELEMENT:\n            exception_class = NoSuchElementException\n        elif status in ErrorCode.NO_SUCH_FRAME:\n            exception_class = NoSuchFrameException\n        elif status in ErrorCode.NO_SUCH_SHADOW_ROOT:\n            exception_class = NoSuchShadowRootException\n        elif status in ErrorCode.NO_SUCH_WINDOW:\n            exception_class = NoSuchWindowException\n        elif status in ErrorCode.STALE_ELEMENT_REFERENCE:\n            exception_class = StaleElementReferenceException\n        elif status in ErrorCode.ELEMENT_NOT_VISIBLE:\n            exception_class = ElementNotVisibleException\n        elif status in ErrorCode.INVALID_ELEMENT_STATE:\n            exception_class = InvalidElementStateException\n        elif status in ErrorCode.INVALID_SELECTOR \\\n                or status in ErrorCode.INVALID_XPATH_SELECTOR \\\n                or status in ErrorCode.INVALID_XPATH_SELECTOR_RETURN_TYPER:\n            exception_class = InvalidSelectorException\n        elif status in ErrorCode.ELEMENT_IS_NOT_SELECTABLE:\n            exception_class = ElementNotSelectableException\n        elif status in ErrorCode.ELEMENT_NOT_INTERACTABLE:\n            exception_class = ElementNotInteractableException\n        elif status in ErrorCode.INVALID_COOKIE_DOMAIN:\n            exception_class = InvalidCookieDomainException\n        elif status in ErrorCode.UNABLE_TO_SET_COOKIE:\n            exception_class = UnableToSetCookieException\n        elif status in ErrorCode.TIMEOUT:\n            exception_class = TimeoutException\n        elif status in ErrorCode.SCRIPT_TIMEOUT:\n            exception_class = TimeoutException\n        elif status in ErrorCode.UNKNOWN_ERROR:\n            exception_class = WebDriverException\n        elif status in ErrorCode.UNEXPECTED_ALERT_OPEN:\n            exception_class = UnexpectedAlertPresentException\n        elif status in ErrorCode.NO_ALERT_OPEN:\n            exception_class = NoAlertPresentException\n        elif status in ErrorCode.IME_NOT_AVAILABLE:\n            exception_class = ImeNotAvailableException\n        elif status in ErrorCode.IME_ENGINE_ACTIVATION_FAILED:\n            exception_class = ImeActivationFailedException\n        elif status in ErrorCode.MOVE_TARGET_OUT_OF_BOUNDS:\n            exception_class = MoveTargetOutOfBoundsException\n        elif status in ErrorCode.JAVASCRIPT_ERROR:\n            exception_class = JavascriptException\n        elif status in ErrorCode.SESSION_NOT_CREATED:\n            exception_class = SessionNotCreatedException\n        elif status in ErrorCode.INVALID_ARGUMENT:\n            exception_class = InvalidArgumentException\n        elif status in ErrorCode.NO_SUCH_COOKIE:\n            exception_class = NoSuchCookieException\n        elif status in ErrorCode.UNABLE_TO_CAPTURE_SCREEN:\n            exception_class = ScreenshotException\n        elif status in ErrorCode.ELEMENT_CLICK_INTERCEPTED:\n            exception_class = ElementClickInterceptedException\n        elif status in ErrorCode.INSECURE_CERTIFICATE:\n            exception_class = InsecureCertificateException\n        elif status in ErrorCode.INVALID_COORDINATES:\n            exception_class = InvalidCoordinatesException\n        elif status in ErrorCode.INVALID_SESSION_ID:\n            exception_class = InvalidSessionIdException\n        elif status in ErrorCode.UNKNOWN_METHOD:\n            exception_class = UnknownMethodException\n        else:\n            exception_class = WebDriverException\n        if not value:\n            value = response['value']\n        if isinstance(value, str):\n            raise exception_class(value)\n        if message == \"\" and 'message' in value:\n            message = value['message']\n    \n        screen = None  # type: ignore[assignment]\n        if 'screen' in value:\n            screen = value['screen']\n    \n        stacktrace = None\n        st_value = value.get('stackTrace') or value.get('stacktrace')\n        if st_value:\n            if isinstance(st_value, str):\n                stacktrace = st_value.split('\\n')\n            else:\n                stacktrace = []\n                try:\n                    for frame in st_value:\n                        line = self._value_or_default(frame, 'lineNumber', '')\n                        file = self._value_or_default(frame, 'fileName', '<anonymous>')\n                        if line:\n                            file = \"%s:%s\" % (file, line)\n                        meth = self._value_or_default(frame, 'methodName', '<anonymous>')\n                        if 'className' in frame:\n                            meth = \"%s.%s\" % (frame['className'], meth)\n                        msg = \"    at %s (%s)\"\n                        msg = msg % (meth, file)\n                        stacktrace.append(msg)\n                except TypeError:\n                    pass\n        if exception_class == UnexpectedAlertPresentException:\n            alert_text = None\n            if 'data' in value:\n                alert_text = value['data'].get('text')\n            elif 'alert' in value:\n                alert_text = value['alert'].get('text')\n            raise exception_class(message, screen, stacktrace, alert_text)  # type: ignore[call-arg]  # mypy is not smart enough here\n>       raise exception_class(message, screen, stacktrace)\nE       selenium.common.exceptions.ElementClickInterceptedException: Message: element click intercepted: Element <div aria-haspopup=\"true\" class=\"ant-menu-submenu-title\" style=\"padding-left: 24px;\">...</div> is not clickable at point (135, 152). Other element would receive the click: <div tabindex=\"-1\" role=\"dialog\" aria-labelledby=\"rcDialogTitle0\" class=\"ant-modal-wrap \">...</div>\nE         (Session info: chrome=103.0.5060.114)\nE       Stacktrace:\nE       Backtrace:\nE       \tOrdinal0 [0x007DD953+2414931]\nE       \tOrdinal0 [0x0076F5E1+1963489]\nE       \tOrdinal0 [0x0065C6B8+837304]\nE       \tOrdinal0 [0x0068FC27+1047591]\nE       \tOrdinal0 [0x0068DC08+1039368]\nE       \tOrdinal0 [0x0068B90B+1030411]\nE       \tOrdinal0 [0x0068A659+1025625]\nE       \tOrdinal0 [0x00680293+983699]\nE       \tOrdinal0 [0x006A449C+1131676]\nE       \tOrdinal0 [0x0067FC74+982132]\nE       \tOrdinal0 [0x006A46B4+1132212]\nE       \tOrdinal0 [0x006B4812+1198098]\nE       \tOrdinal0 [0x006A42B6+1131190]\nE       \tOrdinal0 [0x0067E860+976992]\nE       \tOrdinal0 [0x0067F756+980822]\nE       \tGetHandleVerifier [0x00A4CC62+2510274]\nE       \tGetHandleVerifier [0x00A3F760+2455744]\nE       \tGetHandleVerifier [0x0086EABA+551962]\nE       \tGetHandleVerifier [0x0086D916+547446]\nE       \tOrdinal0 [0x00775F3B+1990459]\nE       \tOrdinal0 [0x0077A898+2009240]\nE       \tOrdinal0 [0x0077A985+2009477]\nE       \tOrdinal0 [0x00783AD1+2046673]\nE       \tBaseThreadInitThunk [0x75F2FA29+25]\nE       \tRtlGetAppContainerNamedObjectPath [0x77AB7A9E+286]\nE       \tRtlGetAppContainerNamedObjectPath [0x77AB7A6E+238]\n\nd:\\工具\\python\\lib\\site-packages\\selenium\\webdriver\\remote\\errorhandler.py:247: ElementClickInterceptedException",
  "flaky" : false,
  "newFailed" : false,
  "beforeStages" : [ {
    "name" : "remote_driver",
    "time" : {
      "start" : 1657610097505,
      "stop" : 1657610119806,
      "duration" : 22301
    },
    "status" : "passed",
    "steps" : [ ],
    "attachments" : [ ],
    "parameters" : [ ],
    "stepsCount" : 0,
    "hasContent" : false,
    "shouldDisplayMessage" : false,
    "attachmentsCount" : 0
  }, {
    "name" : "_session_faker",
    "time" : {
      "start" : 1657610097421,
      "stop" : 1657610097505,
      "duration" : 84
    },
    "status" : "passed",
    "steps" : [ ],
    "attachments" : [ ],
    "parameters" : [ ],
    "stepsCount" : 0,
    "hasContent" : false,
    "shouldDisplayMessage" : false,
    "attachmentsCount" : 0
  } ],
  "testStage" : {
    "description" : "综合数据处理",
    "status" : "broken",
    "statusMessage" : "selenium.common.exceptions.ElementClickInterceptedException: Message: element click intercepted: Element <div aria-haspopup=\"true\" class=\"ant-menu-submenu-title\" style=\"padding-left: 24px;\">...</div> is not clickable at point (135, 152). Other element would receive the click: <div tabindex=\"-1\" role=\"dialog\" aria-labelledby=\"rcDialogTitle0\" class=\"ant-modal-wrap \">...</div>\n  (Session info: chrome=103.0.5060.114)\nStacktrace:\nBacktrace:\n\tOrdinal0 [0x007DD953+2414931]\n\tOrdinal0 [0x0076F5E1+1963489]\n\tOrdinal0 [0x0065C6B8+837304]\n\tOrdinal0 [0x0068FC27+1047591]\n\tOrdinal0 [0x0068DC08+1039368]\n\tOrdinal0 [0x0068B90B+1030411]\n\tOrdinal0 [0x0068A659+1025625]\n\tOrdinal0 [0x00680293+983699]\n\tOrdinal0 [0x006A449C+1131676]\n\tOrdinal0 [0x0067FC74+982132]\n\tOrdinal0 [0x006A46B4+1132212]\n\tOrdinal0 [0x006B4812+1198098]\n\tOrdinal0 [0x006A42B6+1131190]\n\tOrdinal0 [0x0067E860+976992]\n\tOrdinal0 [0x0067F756+980822]\n\tGetHandleVerifier [0x00A4CC62+2510274]\n\tGetHandleVerifier [0x00A3F760+2455744]\n\tGetHandleVerifier [0x0086EABA+551962]\n\tGetHandleVerifier [0x0086D916+547446]\n\tOrdinal0 [0x00775F3B+1990459]\n\tOrdinal0 [0x0077A898+2009240]\n\tOrdinal0 [0x0077A985+2009477]\n\tOrdinal0 [0x00783AD1+2046673]\n\tBaseThreadInitThunk [0x75F2FA29+25]\n\tRtlGetAppContainerNamedObjectPath [0x77AB7A9E+286]\n\tRtlGetAppContainerNamedObjectPath [0x77AB7A6E+238]",
    "statusTrace" : "remote_driver = <selenium.webdriver.remote.webdriver.WebDriver (session=\"7133858d4eb55a8282a5785140dbb93e\")>\n\n    @pytest.mark.run(order=4)\n    @pytest.mark.workspace\n    @allure.feature(\"正常报备\")\n    @allure.story(\"报备人员面试通过\")\n    @allure.title(\"报备人员面试通过\")\n    def test_04(remote_driver):\n        wp = WorkPlace(remote_driver)\n>       wp.open_datas()\n\ncases\\test_case_pytest.py:113: \n_ _ _ _ _ _ _ _ _ _ _ _ _ _ _ _ _ _ _ _ _ _ _ _ _ _ _ _ _ _ _ _ _ _ _ _ _ _ _ _\npages\\workplace_page\\workplace_page.py:35: in open_datas\n    self.click(self.data_center)\nbase\\base_page.py:42: in click\n    self.locator(loc).click()\nd:\\工具\\python\\lib\\site-packages\\selenium\\webdriver\\remote\\webelement.py:89: in click\n    self._execute(Command.CLICK_ELEMENT)\nd:\\工具\\python\\lib\\site-packages\\selenium\\webdriver\\remote\\webelement.py:773: in _execute\n    return self._parent.execute(command, params)\nd:\\工具\\python\\lib\\site-packages\\selenium\\webdriver\\remote\\webdriver.py:430: in execute\n    self.error_handler.check_response(response)\n_ _ _ _ _ _ _ _ _ _ _ _ _ _ _ _ _ _ _ _ _ _ _ _ _ _ _ _ _ _ _ _ _ _ _ _ _ _ _ _\n\nself = <selenium.webdriver.remote.errorhandler.ErrorHandler object at 0x0404B0E8>\nresponse = {'status': 400, 'value': '{\"value\":{\"error\":\"element click intercepted\",\"message\":\"element click intercepted: Element ...\\n\\\\tRtlGetAppContainerNamedObjectPath [0x77AB7A9E+286]\\\\n\\\\tRtlGetAppContainerNamedObjectPath [0x77AB7A6E+238]\\\\n\"}}'}\n\n    def check_response(self, response: Dict[str, Any]) -> None:\n        \"\"\"\n        Checks that a JSON response from the WebDriver does not have an error.\n    \n        :Args:\n         - response - The JSON response from the WebDriver server as a dictionary\n           object.\n    \n        :Raises: If the response contains an error message.\n        \"\"\"\n        status = response.get('status', None)\n        if not status or status == ErrorCode.SUCCESS:\n            return\n        value = None\n        message = response.get(\"message\", \"\")\n        screen: str = response.get(\"screen\", \"\")\n        stacktrace = None\n        if isinstance(status, int):\n            value_json = response.get('value', None)\n            if value_json and isinstance(value_json, str):\n                import json\n                try:\n                    value = json.loads(value_json)\n                    if len(value.keys()) == 1:\n                        value = value['value']\n                    status = value.get('error', None)\n                    if not status:\n                        status = value.get(\"status\", ErrorCode.UNKNOWN_ERROR)\n                        message = value.get(\"value\") or value.get(\"message\")\n                        if not isinstance(message, str):\n                            value = message\n                            message = message.get('message')\n                    else:\n                        message = value.get('message', None)\n                except ValueError:\n                    pass\n    \n        exception_class: Type[WebDriverException]\n        if status in ErrorCode.NO_SUCH_ELEMENT:\n            exception_class = NoSuchElementException\n        elif status in ErrorCode.NO_SUCH_FRAME:\n            exception_class = NoSuchFrameException\n        elif status in ErrorCode.NO_SUCH_SHADOW_ROOT:\n            exception_class = NoSuchShadowRootException\n        elif status in ErrorCode.NO_SUCH_WINDOW:\n            exception_class = NoSuchWindowException\n        elif status in ErrorCode.STALE_ELEMENT_REFERENCE:\n            exception_class = StaleElementReferenceException\n        elif status in ErrorCode.ELEMENT_NOT_VISIBLE:\n            exception_class = ElementNotVisibleException\n        elif status in ErrorCode.INVALID_ELEMENT_STATE:\n            exception_class = InvalidElementStateException\n        elif status in ErrorCode.INVALID_SELECTOR \\\n                or status in ErrorCode.INVALID_XPATH_SELECTOR \\\n                or status in ErrorCode.INVALID_XPATH_SELECTOR_RETURN_TYPER:\n            exception_class = InvalidSelectorException\n        elif status in ErrorCode.ELEMENT_IS_NOT_SELECTABLE:\n            exception_class = ElementNotSelectableException\n        elif status in ErrorCode.ELEMENT_NOT_INTERACTABLE:\n            exception_class = ElementNotInteractableException\n        elif status in ErrorCode.INVALID_COOKIE_DOMAIN:\n            exception_class = InvalidCookieDomainException\n        elif status in ErrorCode.UNABLE_TO_SET_COOKIE:\n            exception_class = UnableToSetCookieException\n        elif status in ErrorCode.TIMEOUT:\n            exception_class = TimeoutException\n        elif status in ErrorCode.SCRIPT_TIMEOUT:\n            exception_class = TimeoutException\n        elif status in ErrorCode.UNKNOWN_ERROR:\n            exception_class = WebDriverException\n        elif status in ErrorCode.UNEXPECTED_ALERT_OPEN:\n            exception_class = UnexpectedAlertPresentException\n        elif status in ErrorCode.NO_ALERT_OPEN:\n            exception_class = NoAlertPresentException\n        elif status in ErrorCode.IME_NOT_AVAILABLE:\n            exception_class = ImeNotAvailableException\n        elif status in ErrorCode.IME_ENGINE_ACTIVATION_FAILED:\n            exception_class = ImeActivationFailedException\n        elif status in ErrorCode.MOVE_TARGET_OUT_OF_BOUNDS:\n            exception_class = MoveTargetOutOfBoundsException\n        elif status in ErrorCode.JAVASCRIPT_ERROR:\n            exception_class = JavascriptException\n        elif status in ErrorCode.SESSION_NOT_CREATED:\n            exception_class = SessionNotCreatedException\n        elif status in ErrorCode.INVALID_ARGUMENT:\n            exception_class = InvalidArgumentException\n        elif status in ErrorCode.NO_SUCH_COOKIE:\n            exception_class = NoSuchCookieException\n        elif status in ErrorCode.UNABLE_TO_CAPTURE_SCREEN:\n            exception_class = ScreenshotException\n        elif status in ErrorCode.ELEMENT_CLICK_INTERCEPTED:\n            exception_class = ElementClickInterceptedException\n        elif status in ErrorCode.INSECURE_CERTIFICATE:\n            exception_class = InsecureCertificateException\n        elif status in ErrorCode.INVALID_COORDINATES:\n            exception_class = InvalidCoordinatesException\n        elif status in ErrorCode.INVALID_SESSION_ID:\n            exception_class = InvalidSessionIdException\n        elif status in ErrorCode.UNKNOWN_METHOD:\n            exception_class = UnknownMethodException\n        else:\n            exception_class = WebDriverException\n        if not value:\n            value = response['value']\n        if isinstance(value, str):\n            raise exception_class(value)\n        if message == \"\" and 'message' in value:\n            message = value['message']\n    \n        screen = None  # type: ignore[assignment]\n        if 'screen' in value:\n            screen = value['screen']\n    \n        stacktrace = None\n        st_value = value.get('stackTrace') or value.get('stacktrace')\n        if st_value:\n            if isinstance(st_value, str):\n                stacktrace = st_value.split('\\n')\n            else:\n                stacktrace = []\n                try:\n                    for frame in st_value:\n                        line = self._value_or_default(frame, 'lineNumber', '')\n                        file = self._value_or_default(frame, 'fileName', '<anonymous>')\n                        if line:\n                            file = \"%s:%s\" % (file, line)\n                        meth = self._value_or_default(frame, 'methodName', '<anonymous>')\n                        if 'className' in frame:\n                            meth = \"%s.%s\" % (frame['className'], meth)\n                        msg = \"    at %s (%s)\"\n                        msg = msg % (meth, file)\n                        stacktrace.append(msg)\n                except TypeError:\n                    pass\n        if exception_class == UnexpectedAlertPresentException:\n            alert_text = None\n            if 'data' in value:\n                alert_text = value['data'].get('text')\n            elif 'alert' in value:\n                alert_text = value['alert'].get('text')\n            raise exception_class(message, screen, stacktrace, alert_text)  # type: ignore[call-arg]  # mypy is not smart enough here\n>       raise exception_class(message, screen, stacktrace)\nE       selenium.common.exceptions.ElementClickInterceptedException: Message: element click intercepted: Element <div aria-haspopup=\"true\" class=\"ant-menu-submenu-title\" style=\"padding-left: 24px;\">...</div> is not clickable at point (135, 152). Other element would receive the click: <div tabindex=\"-1\" role=\"dialog\" aria-labelledby=\"rcDialogTitle0\" class=\"ant-modal-wrap \">...</div>\nE         (Session info: chrome=103.0.5060.114)\nE       Stacktrace:\nE       Backtrace:\nE       \tOrdinal0 [0x007DD953+2414931]\nE       \tOrdinal0 [0x0076F5E1+1963489]\nE       \tOrdinal0 [0x0065C6B8+837304]\nE       \tOrdinal0 [0x0068FC27+1047591]\nE       \tOrdinal0 [0x0068DC08+1039368]\nE       \tOrdinal0 [0x0068B90B+1030411]\nE       \tOrdinal0 [0x0068A659+1025625]\nE       \tOrdinal0 [0x00680293+983699]\nE       \tOrdinal0 [0x006A449C+1131676]\nE       \tOrdinal0 [0x0067FC74+982132]\nE       \tOrdinal0 [0x006A46B4+1132212]\nE       \tOrdinal0 [0x006B4812+1198098]\nE       \tOrdinal0 [0x006A42B6+1131190]\nE       \tOrdinal0 [0x0067E860+976992]\nE       \tOrdinal0 [0x0067F756+980822]\nE       \tGetHandleVerifier [0x00A4CC62+2510274]\nE       \tGetHandleVerifier [0x00A3F760+2455744]\nE       \tGetHandleVerifier [0x0086EABA+551962]\nE       \tGetHandleVerifier [0x0086D916+547446]\nE       \tOrdinal0 [0x00775F3B+1990459]\nE       \tOrdinal0 [0x0077A898+2009240]\nE       \tOrdinal0 [0x0077A985+2009477]\nE       \tOrdinal0 [0x00783AD1+2046673]\nE       \tBaseThreadInitThunk [0x75F2FA29+25]\nE       \tRtlGetAppContainerNamedObjectPath [0x77AB7A9E+286]\nE       \tRtlGetAppContainerNamedObjectPath [0x77AB7A6E+238]\n\nd:\\工具\\python\\lib\\site-packages\\selenium\\webdriver\\remote\\errorhandler.py:247: ElementClickInterceptedException",
    "steps" : [ ],
    "attachments" : [ {
      "uid" : "25f8c0162fa5157d",
      "name" : "log",
      "source" : "25f8c0162fa5157d.txt",
      "type" : "text/plain",
      "size" : 219
    }, {
      "uid" : "82478b9d43b11005",
      "name" : "stderr",
      "source" : "82478b9d43b11005.txt",
      "type" : "text/plain",
      "size" : 238
    } ],
    "parameters" : [ ],
    "stepsCount" : 0,
    "hasContent" : true,
    "shouldDisplayMessage" : true,
    "attachmentsCount" : 2
  },
  "afterStages" : [ {
    "name" : "remote_driver::0",
    "time" : {
      "start" : 1657610154921,
      "stop" : 1657610156002,
      "duration" : 1081
    },
    "status" : "passed",
    "steps" : [ ],
    "attachments" : [ ],
    "parameters" : [ ],
    "stepsCount" : 0,
    "hasContent" : false,
    "shouldDisplayMessage" : false,
    "attachmentsCount" : 0
  } ],
  "labels" : [ {
    "name" : "feature",
    "value" : "正常报备"
  }, {
    "name" : "story",
    "value" : "报备人员面试通过"
  }, {
    "name" : "tag",
    "value" : "run(order=4)"
  }, {
    "name" : "tag",
    "value" : "workspace"
  }, {
    "name" : "parentSuite",
    "value" : "cases"
  }, {
    "name" : "suite",
    "value" : "test_case_pytest"
  }, {
    "name" : "host",
    "value" : "LAPTOP-5D6NI12E"
  }, {
    "name" : "thread",
    "value" : "980-MainThread"
  }, {
    "name" : "framework",
    "value" : "pytest"
  }, {
    "name" : "language",
    "value" : "cpython3"
  }, {
    "name" : "package",
    "value" : "cases.test_case_pytest"
  }, {
    "name" : "resultFormat",
    "value" : "allure2"
  } ],
  "parameters" : [ ],
  "links" : [ ],
  "hidden" : false,
  "retry" : false,
  "extra" : {
    "severity" : "normal",
    "retries" : [ {
      "uid" : "70a38b940712072",
      "status" : "passed",
      "time" : {
        "start" : 1657516887729,
        "stop" : 1657516898278,
        "duration" : 10549
      }
    }, {
      "uid" : "94e9f392e8503d9e",
      "status" : "broken",
      "statusDetails" : "selenium.common.exceptions.TimeoutException: Message: Unable to execute request for an existing session: NettyHttpHandler request execution error\nStacktrace:\njava.lang.RuntimeException: Unable to execute request for an existing session: NettyHttpHandler request execution error\r\n\tat org.openqa.selenium.grid.router.HandleSession.execute(HandleSession.java:151)\r\n\tat org.openqa.selenium.remote.http.Route$PredicatedRoute.handle(Route.java:373)\r\n\tat org.openqa.selenium.remote.http.Route.execute(Route.java:68)\r\n\tat org.openqa.selenium.remote.http.Route$CombinedRoute.handle(Route.java:336)\r\n\tat org.openqa.selenium.remote.http.Route.execute(Route.java:68)\r\n\tat org.openqa.selenium.grid.router.Router.execute(Router.java:91)\r\n\tat org.openqa.selenium.grid.web.CheckOriginHeader.lambda$apply$0(CheckOriginHeader.java:66)\r\n\tat org.openqa.selenium.grid.web.CheckContentTypeHeader.lambda$apply$0(CheckContentTypeHeader.java:70)\r\n\tat org.openqa.selenium.grid.web.EnsureSpecCompliantResponseHeaders.lambda$apply$0(EnsureSpecCompliantResponseHeaders.java:34)\r\n\tat org.openqa.selenium.remote.http.Filter$1.execute(Filter.java:64)\r\n\tat org.openqa.selenium.remote.http.Route$CombinedRoute.handle(Route.java:336)\r\n\tat org.openqa.selenium.remote.http.Route.execute(Route.java:68)\r\n\tat org.openqa.selenium.remote.http.Route$NestedRoute.handle(Route.java:270)\r\n\tat org.openqa.selenium.remote.http.Route.execute(Route.java:68)\r\n\tat org.openqa.selenium.remote.http.Route$CombinedRoute.handle(Route.java:336)\r\n\tat org.openqa.selenium.remote.http.Route.execute(Route.java:68)\r\n\tat org.openqa.selenium.remote.http.Route$CombinedRoute.handle(Route.java:336)\r\n\tat org.openqa.selenium.remote.http.Route.execute(Route.java:68)\r\n\tat org.openqa.selenium.remote.AddWebDriverSpecHeaders.lambda$apply$0(AddWebDriverSpecHeaders.java:35)\r\n\tat org.openqa.selenium.remote.ErrorFilter.lambda$apply$0(ErrorFilter.java:44)\r\n\tat org.openqa.selenium.remote.http.Filter$1.execute(Filter.java:64)\r\n\tat org.openqa.selenium.remote.ErrorFilter.lambda$apply$0(ErrorFilter.java:44)\r\n\tat org.openqa.selenium.remote.http.Filter$1.execute(Filter.java:64)\r\n\tat org.openqa.selenium.netty.server.SeleniumHandler.lambda$channelRead0$0(SeleniumHandler.java:44)\r\n\tat java.util.concurrent.Executors$RunnableAdapter.call(Unknown Source)\r\n\tat java.util.concurrent.FutureTask.run(Unknown Source)\r\n\tat java.util.concurrent.ThreadPoolExecutor.runWorker(Unknown Source)\r\n\tat java.util.concurrent.ThreadPoolExecutor$Worker.run(Unknown Source)\r\n\tat java.lang.Thread.run(Unknown Source)\r\nCaused by: java.util.concurrent.ExecutionException: java.util.concurrent.TimeoutException: Request timeout to localhost/127.0.0.1:60648 after 300000 ms\r\n\tat java.util.concurrent.CompletableFuture.reportGet(Unknown Source)\r\n\tat java.util.concurrent.CompletableFuture.get(Unknown Source)\r\n\tat org.asynchttpclient.netty.NettyResponseFuture.get(NettyResponseFuture.java:206)\r\n\tat org.openqa.selenium.remote.http.netty.NettyHttpHandler.makeCall(NettyHttpHandler.java:59)\r\n\tat org.openqa.selenium.remote.http.AddSeleniumUserAgent.lambda$apply$0(AddSeleniumUserAgent.java:42)\r\n\tat org.openqa.selenium.remote.http.Filter.lambda$andFinally$1(Filter.java:56)\r\n\tat org.openqa.selenium.remote.http.netty.NettyHttpHandler.execute(NettyHttpHandler.java:49)\r\n\tat org.openqa.selenium.remote.http.AddSeleniumUserAgent.lambda$apply$0(AddSeleniumUserAgent.java:42)\r\n\tat org.openqa.selenium.remote.http.Filter.lambda$andFinally$1(Filter.java:56)\r\n\tat org.openqa.selenium.remote.http.netty.NettyClient.execute(NettyClient.java:98)\r\n\tat org.openqa.selenium.remote.tracing.TracedHttpClient.execute(TracedHttpClient.java:55)\r\n\tat org.openqa.selenium.grid.web.ReverseProxyHandler.execute(ReverseProxyHandler.java:92)\r\n\tat org.openqa.selenium.grid.node.ProtocolConvertingSession.execute(ProtocolConvertingSession.java:75)\r\n\tat org.openqa.selenium.grid.node.local.SessionSlot.execute(SessionSlot.java:125)\r\n\tat org.openqa.selenium.grid.node.local.LocalNode.executeWebDriverCommand(LocalNode.java:447)\r\n\tat org.openqa.selenium.remote.http.AddSeleniumUserAgent.lambda$apply$0(AddSeleniumUserAgent.java:42)\r\n\tat org.openqa.selenium.remote.http.Filter.lambda$andFinally$1(Filter.java:56)\r\n\tat org.openqa.selenium.remote.AddWebDriverSpecHeaders.lambda$apply$0(AddWebDriverSpecHeaders.java:35)\r\n\tat org.openqa.selenium.remote.http.Filter.lambda$andFinally$1(Filter.java:56)\r\n\tat org.openqa.selenium.grid.security.AddSecretFilter.lambda$apply$0(AddSecretFilter.java:40)\r\n\tat org.openqa.selenium.remote.http.Filter.lambda$andFinally$1(Filter.java:56)\r\n\tat org.openqa.selenium.grid.node.CustomLocatorHandler.execute(CustomLocatorHandler.java:128)\r\n\tat org.openqa.selenium.remote.http.Route$CombinedRoute.handle(Route.java:336)\r\n\tat org.openqa.selenium.remote.http.Route.execute(Route.java:68)\r\n\tat org.openqa.selenium.grid.node.Node.execute(Node.java:240)\r\n\tat org.openqa.selenium.grid.web.CombinedHandler.execute(CombinedHandler.java:59)\r\n\tat org.openqa.selenium.grid.web.RoutableHttpClientFactory$1.execute(RoutableHttpClientFactory.java:72)\r\n\tat org.openqa.selenium.grid.web.ReverseProxyHandler.execute(ReverseProxyHandler.java:92)\r\n\tat org.openqa.selenium.grid.router.HandleSession.execute(HandleSession.java:122)\r\n\t... 28 more\r\nCaused by: java.util.concurrent.TimeoutException: Request timeout to localhost/127.0.0.1:60648 after 300000 ms\r\n\tat org.asynchttpclient.netty.timeout.TimeoutTimerTask.expire(TimeoutTimerTask.java:43)\r\n\tat org.asynchttpclient.netty.timeout.RequestTimeoutTimerTask.run(RequestTimeoutTimerTask.java:50)\r\n\tat io.netty.util.HashedWheelTimer$HashedWheelTimeout.run(HashedWheelTimer.java:715)\r\n\tat io.netty.util.concurrent.ImmediateExecutor.execute(ImmediateExecutor.java:34)\r\n\tat io.netty.util.HashedWheelTimer$HashedWheelTimeout.expire(HashedWheelTimer.java:703)\r\n\tat io.netty.util.HashedWheelTimer$HashedWheelBucket.expireTimeouts(HashedWheelTimer.java:790)\r\n\tat io.netty.util.HashedWheelTimer$Worker.run(HashedWheelTimer.java:503)\r\n\tat io.netty.util.concurrent.FastThreadLocalRunnable.run(FastThreadLocalRunnable.java:30)\r\n\t... 1 more",
      "time" : {
        "start" : 1657515938183,
        "stop" : 1657516805131,
        "duration" : 866948
      }
    }, {
      "uid" : "92d7320ac29d7da",
      "status" : "passed",
      "time" : {
        "start" : 1657509343078,
        "stop" : 1657509353514,
        "duration" : 10436
      }
    }, {
      "uid" : "e30446d0a2343b28",
      "status" : "passed",
      "time" : {
        "start" : 1657508551750,
        "stop" : 1657508562716,
        "duration" : 10966
      }
    }, {
      "uid" : "a7d3e834563198b",
      "status" : "passed",
      "time" : {
        "start" : 1657508134211,
        "stop" : 1657508147160,
        "duration" : 12949
      }
    }, {
      "uid" : "8d21cf105fc2f5e1",
      "status" : "passed",
      "time" : {
        "start" : 1657506983223,
        "stop" : 1657506995914,
        "duration" : 12691
      }
    }, {
      "uid" : "a03d9d31e9d321af",
      "status" : "passed",
      "time" : {
        "start" : 1657505921092,
        "stop" : 1657505934512,
        "duration" : 13420
      }
    }, {
      "uid" : "ce7e627f24e2cf96",
      "status" : "broken",
      "statusDetails" : "AttributeError: 'WebDriver' object has no attribute 'getscreenshot_as_png'",
      "time" : {
        "start" : 1657505695493,
        "stop" : 1657505707762,
        "duration" : 12269
      }
    }, {
      "uid" : "3df9a207e5ca71b5",
      "status" : "broken",
      "statusDetails" : "AttributeError: 'WebDriver' object has no attribute 'getscreenshot_as_png'",
      "time" : {
        "start" : 1657505515343,
        "stop" : 1657505525493,
        "duration" : 10150
      }
    }, {
      "uid" : "b557b3622abc384c",
      "status" : "passed",
      "time" : {
        "start" : 1657442135494,
        "stop" : 1657442144747,
        "duration" : 9253
      }
    }, {
      "uid" : "3287c406986858a5",
      "status" : "passed",
      "time" : {
        "start" : 1657441799026,
        "stop" : 1657441808152,
        "duration" : 9126
      }
    }, {
      "uid" : "1c904d83b492a740",
      "status" : "passed",
      "time" : {
        "start" : 1657366183976,
        "stop" : 1657366198267,
        "duration" : 14291
      }
    }, {
      "uid" : "43e5020e1c25d568",
      "status" : "passed",
      "time" : {
        "start" : 1657365928373,
        "stop" : 1657365941998,
        "duration" : 13625
      }
    }, {
      "uid" : "8f6f2f1ef4040569",
      "status" : "broken",
      "statusDetails" : "selenium.common.exceptions.ElementClickInterceptedException: Message: element click intercepted: Element <div aria-haspopup=\"true\" class=\"ant-menu-submenu-title\" style=\"padding-left: 24px;\">...</div> is not clickable at point (135, 152). Other element would receive the click: <div tabindex=\"-1\" role=\"dialog\" aria-labelledby=\"rcDialogTitle1\" class=\"ant-modal-wrap \">...</div>\n  (Session info: chrome=103.0.5060.114)\nStacktrace:\nBacktrace:\n\tOrdinal0 [0x007DD953+2414931]\n\tOrdinal0 [0x0076F5E1+1963489]\n\tOrdinal0 [0x0065C6B8+837304]\n\tOrdinal0 [0x0068FC27+1047591]\n\tOrdinal0 [0x0068DC08+1039368]\n\tOrdinal0 [0x0068B90B+1030411]\n\tOrdinal0 [0x0068A659+1025625]\n\tOrdinal0 [0x00680293+983699]\n\tOrdinal0 [0x006A449C+1131676]\n\tOrdinal0 [0x0067FC74+982132]\n\tOrdinal0 [0x006A46B4+1132212]\n\tOrdinal0 [0x006B4812+1198098]\n\tOrdinal0 [0x006A42B6+1131190]\n\tOrdinal0 [0x0067E860+976992]\n\tOrdinal0 [0x0067F756+980822]\n\tGetHandleVerifier [0x00A4CC62+2510274]\n\tGetHandleVerifier [0x00A3F760+2455744]\n\tGetHandleVerifier [0x0086EABA+551962]\n\tGetHandleVerifier [0x0086D916+547446]\n\tOrdinal0 [0x00775F3B+1990459]\n\tOrdinal0 [0x0077A898+2009240]\n\tOrdinal0 [0x0077A985+2009477]\n\tOrdinal0 [0x00783AD1+2046673]\n\tBaseThreadInitThunk [0x75F2FA29+25]\n\tRtlGetAppContainerNamedObjectPath [0x77AB7A9E+286]\n\tRtlGetAppContainerNamedObjectPath [0x77AB7A6E+238]",
      "time" : {
        "start" : 1657365548943,
        "stop" : 1657365550460,
        "duration" : 1517
      }
    }, {
      "uid" : "7c1372512fb26780",
      "status" : "broken",
      "statusDetails" : "selenium.common.exceptions.ElementClickInterceptedException: Message: element click intercepted: Element <div aria-haspopup=\"true\" class=\"ant-menu-submenu-title\" style=\"padding-left: 24px;\">...</div> is not clickable at point (135, 152). Other element would receive the click: <div tabindex=\"-1\" role=\"dialog\" aria-labelledby=\"rcDialogTitle1\" class=\"ant-modal-wrap \">...</div>\n  (Session info: chrome=103.0.5060.114)\nStacktrace:\nBacktrace:\n\tOrdinal0 [0x007DD953+2414931]\n\tOrdinal0 [0x0076F5E1+1963489]\n\tOrdinal0 [0x0065C6B8+837304]\n\tOrdinal0 [0x0068FC27+1047591]\n\tOrdinal0 [0x0068DC08+1039368]\n\tOrdinal0 [0x0068B90B+1030411]\n\tOrdinal0 [0x0068A659+1025625]\n\tOrdinal0 [0x00680293+983699]\n\tOrdinal0 [0x006A449C+1131676]\n\tOrdinal0 [0x0067FC74+982132]\n\tOrdinal0 [0x006A46B4+1132212]\n\tOrdinal0 [0x006B4812+1198098]\n\tOrdinal0 [0x006A42B6+1131190]\n\tOrdinal0 [0x0067E860+976992]\n\tOrdinal0 [0x0067F756+980822]\n\tGetHandleVerifier [0x00A4CC62+2510274]\n\tGetHandleVerifier [0x00A3F760+2455744]\n\tGetHandleVerifier [0x0086EABA+551962]\n\tGetHandleVerifier [0x0086D916+547446]\n\tOrdinal0 [0x00775F3B+1990459]\n\tOrdinal0 [0x0077A898+2009240]\n\tOrdinal0 [0x0077A985+2009477]\n\tOrdinal0 [0x00783AD1+2046673]\n\tBaseThreadInitThunk [0x75F2FA29+25]\n\tRtlGetAppContainerNamedObjectPath [0x77AB7A9E+286]\n\tRtlGetAppContainerNamedObjectPath [0x77AB7A6E+238]",
      "time" : {
        "start" : 1657365060987,
        "stop" : 1657365062476,
        "duration" : 1489
      }
    }, {
      "uid" : "7e535a9a7346163",
      "status" : "passed",
      "time" : {
        "start" : 1657364910578,
        "stop" : 1657364924436,
        "duration" : 13858
      }
    } ],
    "categories" : [ {
      "name" : "Test defects",
      "matchedStatuses" : [ ],
      "flaky" : false
    } ],
    "tags" : [ "workspace", "run(order=4)" ]
  },
  "source" : "249f102fb9e87f40.json",
  "parameterValues" : [ ]
}