{
  "uid" : "b569431d0bd0e57e",
  "name" : "报备人员面试通过",
  "fullName" : "cases.test_case_pytest#test_04",
  "historyId" : "ba693dff19a7571f21ec7658a9d62b83",
  "time" : {
    "start" : 1657515938183,
    "stop" : 1657516805131,
    "duration" : 866948
  },
  "description" : "描述：成功或失败都结束",
  "descriptionHtml" : "<p>描述：成功或失败都结束</p>\n",
  "status" : "broken",
  "statusMessage" : "selenium.common.exceptions.TimeoutException: Message: Unable to execute request for an existing session: NettyHttpHandler request execution error\nStacktrace:\njava.lang.RuntimeException: Unable to execute request for an existing session: NettyHttpHandler request execution error\r\n\tat org.openqa.selenium.grid.router.HandleSession.execute(HandleSession.java:151)\r\n\tat org.openqa.selenium.remote.http.Route$PredicatedRoute.handle(Route.java:373)\r\n\tat org.openqa.selenium.remote.http.Route.execute(Route.java:68)\r\n\tat org.openqa.selenium.remote.http.Route$CombinedRoute.handle(Route.java:336)\r\n\tat org.openqa.selenium.remote.http.Route.execute(Route.java:68)\r\n\tat org.openqa.selenium.grid.router.Router.execute(Router.java:91)\r\n\tat org.openqa.selenium.grid.web.CheckOriginHeader.lambda$apply$0(CheckOriginHeader.java:66)\r\n\tat org.openqa.selenium.grid.web.CheckContentTypeHeader.lambda$apply$0(CheckContentTypeHeader.java:70)\r\n\tat org.openqa.selenium.grid.web.EnsureSpecCompliantResponseHeaders.lambda$apply$0(EnsureSpecCompliantResponseHeaders.java:34)\r\n\tat org.openqa.selenium.remote.http.Filter$1.execute(Filter.java:64)\r\n\tat org.openqa.selenium.remote.http.Route$CombinedRoute.handle(Route.java:336)\r\n\tat org.openqa.selenium.remote.http.Route.execute(Route.java:68)\r\n\tat org.openqa.selenium.remote.http.Route$NestedRoute.handle(Route.java:270)\r\n\tat org.openqa.selenium.remote.http.Route.execute(Route.java:68)\r\n\tat org.openqa.selenium.remote.http.Route$CombinedRoute.handle(Route.java:336)\r\n\tat org.openqa.selenium.remote.http.Route.execute(Route.java:68)\r\n\tat org.openqa.selenium.remote.http.Route$CombinedRoute.handle(Route.java:336)\r\n\tat org.openqa.selenium.remote.http.Route.execute(Route.java:68)\r\n\tat org.openqa.selenium.remote.AddWebDriverSpecHeaders.lambda$apply$0(AddWebDriverSpecHeaders.java:35)\r\n\tat org.openqa.selenium.remote.ErrorFilter.lambda$apply$0(ErrorFilter.java:44)\r\n\tat org.openqa.selenium.remote.http.Filter$1.execute(Filter.java:64)\r\n\tat org.openqa.selenium.remote.ErrorFilter.lambda$apply$0(ErrorFilter.java:44)\r\n\tat org.openqa.selenium.remote.http.Filter$1.execute(Filter.java:64)\r\n\tat org.openqa.selenium.netty.server.SeleniumHandler.lambda$channelRead0$0(SeleniumHandler.java:44)\r\n\tat java.util.concurrent.Executors$RunnableAdapter.call(Unknown Source)\r\n\tat java.util.concurrent.FutureTask.run(Unknown Source)\r\n\tat java.util.concurrent.ThreadPoolExecutor.runWorker(Unknown Source)\r\n\tat java.util.concurrent.ThreadPoolExecutor$Worker.run(Unknown Source)\r\n\tat java.lang.Thread.run(Unknown Source)\r\nCaused by: java.util.concurrent.ExecutionException: java.util.concurrent.TimeoutException: Request timeout to localhost/127.0.0.1:60648 after 300000 ms\r\n\tat java.util.concurrent.CompletableFuture.reportGet(Unknown Source)\r\n\tat java.util.concurrent.CompletableFuture.get(Unknown Source)\r\n\tat org.asynchttpclient.netty.NettyResponseFuture.get(NettyResponseFuture.java:206)\r\n\tat org.openqa.selenium.remote.http.netty.NettyHttpHandler.makeCall(NettyHttpHandler.java:59)\r\n\tat org.openqa.selenium.remote.http.AddSeleniumUserAgent.lambda$apply$0(AddSeleniumUserAgent.java:42)\r\n\tat org.openqa.selenium.remote.http.Filter.lambda$andFinally$1(Filter.java:56)\r\n\tat org.openqa.selenium.remote.http.netty.NettyHttpHandler.execute(NettyHttpHandler.java:49)\r\n\tat org.openqa.selenium.remote.http.AddSeleniumUserAgent.lambda$apply$0(AddSeleniumUserAgent.java:42)\r\n\tat org.openqa.selenium.remote.http.Filter.lambda$andFinally$1(Filter.java:56)\r\n\tat org.openqa.selenium.remote.http.netty.NettyClient.execute(NettyClient.java:98)\r\n\tat org.openqa.selenium.remote.tracing.TracedHttpClient.execute(TracedHttpClient.java:55)\r\n\tat org.openqa.selenium.grid.web.ReverseProxyHandler.execute(ReverseProxyHandler.java:92)\r\n\tat org.openqa.selenium.grid.node.ProtocolConvertingSession.execute(ProtocolConvertingSession.java:75)\r\n\tat org.openqa.selenium.grid.node.local.SessionSlot.execute(SessionSlot.java:125)\r\n\tat org.openqa.selenium.grid.node.local.LocalNode.executeWebDriverCommand(LocalNode.java:447)\r\n\tat org.openqa.selenium.remote.http.AddSeleniumUserAgent.lambda$apply$0(AddSeleniumUserAgent.java:42)\r\n\tat org.openqa.selenium.remote.http.Filter.lambda$andFinally$1(Filter.java:56)\r\n\tat org.openqa.selenium.remote.AddWebDriverSpecHeaders.lambda$apply$0(AddWebDriverSpecHeaders.java:35)\r\n\tat org.openqa.selenium.remote.http.Filter.lambda$andFinally$1(Filter.java:56)\r\n\tat org.openqa.selenium.grid.security.AddSecretFilter.lambda$apply$0(AddSecretFilter.java:40)\r\n\tat org.openqa.selenium.remote.http.Filter.lambda$andFinally$1(Filter.java:56)\r\n\tat org.openqa.selenium.grid.node.CustomLocatorHandler.execute(CustomLocatorHandler.java:128)\r\n\tat org.openqa.selenium.remote.http.Route$CombinedRoute.handle(Route.java:336)\r\n\tat org.openqa.selenium.remote.http.Route.execute(Route.java:68)\r\n\tat org.openqa.selenium.grid.node.Node.execute(Node.java:240)\r\n\tat org.openqa.selenium.grid.web.CombinedHandler.execute(CombinedHandler.java:59)\r\n\tat org.openqa.selenium.grid.web.RoutableHttpClientFactory$1.execute(RoutableHttpClientFactory.java:72)\r\n\tat org.openqa.selenium.grid.web.ReverseProxyHandler.execute(ReverseProxyHandler.java:92)\r\n\tat org.openqa.selenium.grid.router.HandleSession.execute(HandleSession.java:122)\r\n\t... 28 more\r\nCaused by: java.util.concurrent.TimeoutException: Request timeout to localhost/127.0.0.1:60648 after 300000 ms\r\n\tat org.asynchttpclient.netty.timeout.TimeoutTimerTask.expire(TimeoutTimerTask.java:43)\r\n\tat org.asynchttpclient.netty.timeout.RequestTimeoutTimerTask.run(RequestTimeoutTimerTask.java:50)\r\n\tat io.netty.util.HashedWheelTimer$HashedWheelTimeout.run(HashedWheelTimer.java:715)\r\n\tat io.netty.util.concurrent.ImmediateExecutor.execute(ImmediateExecutor.java:34)\r\n\tat io.netty.util.HashedWheelTimer$HashedWheelTimeout.expire(HashedWheelTimer.java:703)\r\n\tat io.netty.util.HashedWheelTimer$HashedWheelBucket.expireTimeouts(HashedWheelTimer.java:790)\r\n\tat io.netty.util.HashedWheelTimer$Worker.run(HashedWheelTimer.java:503)\r\n\tat io.netty.util.concurrent.FastThreadLocalRunnable.run(FastThreadLocalRunnable.java:30)\r\n\t... 1 more",
  "statusTrace" : "remote_driver = <selenium.webdriver.remote.webdriver.WebDriver (session=\"e5902a8d1c915c951c73023513bec668\")>\n\n    @pytest.mark.run(order=4)\n    @pytest.mark.workspace\n    @allure.feature(\"正常报备\")\n    @allure.story(\"报备人员面试通过\")\n    @allure.title(\"报备人员面试通过\")\n    def test_04(remote_driver):\n        wp = WorkPlace(remote_driver)\n        wp.open_datas()\n        dp=DataProcessing(remote_driver)\n>       dp.interview_results()\n\ncases\\test_case_pytest.py:115: \n_ _ _ _ _ _ _ _ _ _ _ _ _ _ _ _ _ _ _ _ _ _ _ _ _ _ _ _ _ _ _ _ _ _ _ _ _ _ _ _\npages\\workplace_page\\data_processing_page\\data_processing_page.py:50: in interview_results\n    self.click(self.end_btn)\nbase\\base_page.py:39: in click\n    self.locator(loc).click()\nbase\\base_page.py:30: in locator\n    return self.driver.find_element(*loc)\nd:\\工具\\python\\lib\\site-packages\\selenium\\webdriver\\remote\\webdriver.py:1251: in find_element\n    return self.execute(Command.FIND_ELEMENT, {\nd:\\工具\\python\\lib\\site-packages\\selenium\\webdriver\\remote\\webdriver.py:430: in execute\n    self.error_handler.check_response(response)\n_ _ _ _ _ _ _ _ _ _ _ _ _ _ _ _ _ _ _ _ _ _ _ _ _ _ _ _ _ _ _ _ _ _ _ _ _ _ _ _\n\nself = <selenium.webdriver.remote.errorhandler.ErrorHandler object at 0x03F73FB8>\nresponse = {'status': 500, 'value': '{\\n  \"value\": {\\n    \"error\": \"script timeout\",\\n    \"message\": \"Unable to execute request f....netty.util.concurrent.FastThreadLocalRunnable.run(FastThreadLocalRunnable.java:30)\\\\r\\\\n\\\\t... 1 more\\\\r\\\\n\"\\n  }\\n}'}\n\n    def check_response(self, response: Dict[str, Any]) -> None:\n        \"\"\"\n        Checks that a JSON response from the WebDriver does not have an error.\n    \n        :Args:\n         - response - The JSON response from the WebDriver server as a dictionary\n           object.\n    \n        :Raises: If the response contains an error message.\n        \"\"\"\n        status = response.get('status', None)\n        if not status or status == ErrorCode.SUCCESS:\n            return\n        value = None\n        message = response.get(\"message\", \"\")\n        screen: str = response.get(\"screen\", \"\")\n        stacktrace = None\n        if isinstance(status, int):\n            value_json = response.get('value', None)\n            if value_json and isinstance(value_json, str):\n                import json\n                try:\n                    value = json.loads(value_json)\n                    if len(value.keys()) == 1:\n                        value = value['value']\n                    status = value.get('error', None)\n                    if not status:\n                        status = value.get(\"status\", ErrorCode.UNKNOWN_ERROR)\n                        message = value.get(\"value\") or value.get(\"message\")\n                        if not isinstance(message, str):\n                            value = message\n                            message = message.get('message')\n                    else:\n                        message = value.get('message', None)\n                except ValueError:\n                    pass\n    \n        exception_class: Type[WebDriverException]\n        if status in ErrorCode.NO_SUCH_ELEMENT:\n            exception_class = NoSuchElementException\n        elif status in ErrorCode.NO_SUCH_FRAME:\n            exception_class = NoSuchFrameException\n        elif status in ErrorCode.NO_SUCH_SHADOW_ROOT:\n            exception_class = NoSuchShadowRootException\n        elif status in ErrorCode.NO_SUCH_WINDOW:\n            exception_class = NoSuchWindowException\n        elif status in ErrorCode.STALE_ELEMENT_REFERENCE:\n            exception_class = StaleElementReferenceException\n        elif status in ErrorCode.ELEMENT_NOT_VISIBLE:\n            exception_class = ElementNotVisibleException\n        elif status in ErrorCode.INVALID_ELEMENT_STATE:\n            exception_class = InvalidElementStateException\n        elif status in ErrorCode.INVALID_SELECTOR \\\n                or status in ErrorCode.INVALID_XPATH_SELECTOR \\\n                or status in ErrorCode.INVALID_XPATH_SELECTOR_RETURN_TYPER:\n            exception_class = InvalidSelectorException\n        elif status in ErrorCode.ELEMENT_IS_NOT_SELECTABLE:\n            exception_class = ElementNotSelectableException\n        elif status in ErrorCode.ELEMENT_NOT_INTERACTABLE:\n            exception_class = ElementNotInteractableException\n        elif status in ErrorCode.INVALID_COOKIE_DOMAIN:\n            exception_class = InvalidCookieDomainException\n        elif status in ErrorCode.UNABLE_TO_SET_COOKIE:\n            exception_class = UnableToSetCookieException\n        elif status in ErrorCode.TIMEOUT:\n            exception_class = TimeoutException\n        elif status in ErrorCode.SCRIPT_TIMEOUT:\n            exception_class = TimeoutException\n        elif status in ErrorCode.UNKNOWN_ERROR:\n            exception_class = WebDriverException\n        elif status in ErrorCode.UNEXPECTED_ALERT_OPEN:\n            exception_class = UnexpectedAlertPresentException\n        elif status in ErrorCode.NO_ALERT_OPEN:\n            exception_class = NoAlertPresentException\n        elif status in ErrorCode.IME_NOT_AVAILABLE:\n            exception_class = ImeNotAvailableException\n        elif status in ErrorCode.IME_ENGINE_ACTIVATION_FAILED:\n            exception_class = ImeActivationFailedException\n        elif status in ErrorCode.MOVE_TARGET_OUT_OF_BOUNDS:\n            exception_class = MoveTargetOutOfBoundsException\n        elif status in ErrorCode.JAVASCRIPT_ERROR:\n            exception_class = JavascriptException\n        elif status in ErrorCode.SESSION_NOT_CREATED:\n            exception_class = SessionNotCreatedException\n        elif status in ErrorCode.INVALID_ARGUMENT:\n            exception_class = InvalidArgumentException\n        elif status in ErrorCode.NO_SUCH_COOKIE:\n            exception_class = NoSuchCookieException\n        elif status in ErrorCode.UNABLE_TO_CAPTURE_SCREEN:\n            exception_class = ScreenshotException\n        elif status in ErrorCode.ELEMENT_CLICK_INTERCEPTED:\n            exception_class = ElementClickInterceptedException\n        elif status in ErrorCode.INSECURE_CERTIFICATE:\n            exception_class = InsecureCertificateException\n        elif status in ErrorCode.INVALID_COORDINATES:\n            exception_class = InvalidCoordinatesException\n        elif status in ErrorCode.INVALID_SESSION_ID:\n            exception_class = InvalidSessionIdException\n        elif status in ErrorCode.UNKNOWN_METHOD:\n            exception_class = UnknownMethodException\n        else:\n            exception_class = WebDriverException\n        if not value:\n            value = response['value']\n        if isinstance(value, str):\n            raise exception_class(value)\n        if message == \"\" and 'message' in value:\n            message = value['message']\n    \n        screen = None  # type: ignore[assignment]\n        if 'screen' in value:\n            screen = value['screen']\n    \n        stacktrace = None\n        st_value = value.get('stackTrace') or value.get('stacktrace')\n        if st_value:\n            if isinstance(st_value, str):\n                stacktrace = st_value.split('\\n')\n            else:\n                stacktrace = []\n                try:\n                    for frame in st_value:\n                        line = self._value_or_default(frame, 'lineNumber', '')\n                        file = self._value_or_default(frame, 'fileName', '<anonymous>')\n                        if line:\n                            file = \"%s:%s\" % (file, line)\n                        meth = self._value_or_default(frame, 'methodName', '<anonymous>')\n                        if 'className' in frame:\n                            meth = \"%s.%s\" % (frame['className'], meth)\n                        msg = \"    at %s (%s)\"\n                        msg = msg % (meth, file)\n                        stacktrace.append(msg)\n                except TypeError:\n                    pass\n        if exception_class == UnexpectedAlertPresentException:\n            alert_text = None\n            if 'data' in value:\n                alert_text = value['data'].get('text')\n            elif 'alert' in value:\n                alert_text = value['alert'].get('text')\n            raise exception_class(message, screen, stacktrace, alert_text)  # type: ignore[call-arg]  # mypy is not smart enough here\n>       raise exception_class(message, screen, stacktrace)\nE       selenium.common.exceptions.TimeoutException: Message: Unable to execute request for an existing session: NettyHttpHandler request execution error\nE       Stacktrace:\nE       java.lang.RuntimeException: Unable to execute request for an existing session: NettyHttpHandler request execution error\r\nE       \tat org.openqa.selenium.grid.router.HandleSession.execute(HandleSession.java:151)\r\nE       \tat org.openqa.selenium.remote.http.Route$PredicatedRoute.handle(Route.java:373)\r\nE       \tat org.openqa.selenium.remote.http.Route.execute(Route.java:68)\r\nE       \tat org.openqa.selenium.remote.http.Route$CombinedRoute.handle(Route.java:336)\r\nE       \tat org.openqa.selenium.remote.http.Route.execute(Route.java:68)\r\nE       \tat org.openqa.selenium.grid.router.Router.execute(Router.java:91)\r\nE       \tat org.openqa.selenium.grid.web.CheckOriginHeader.lambda$apply$0(CheckOriginHeader.java:66)\r\nE       \tat org.openqa.selenium.grid.web.CheckContentTypeHeader.lambda$apply$0(CheckContentTypeHeader.java:70)\r\nE       \tat org.openqa.selenium.grid.web.EnsureSpecCompliantResponseHeaders.lambda$apply$0(EnsureSpecCompliantResponseHeaders.java:34)\r\nE       \tat org.openqa.selenium.remote.http.Filter$1.execute(Filter.java:64)\r\nE       \tat org.openqa.selenium.remote.http.Route$CombinedRoute.handle(Route.java:336)\r\nE       \tat org.openqa.selenium.remote.http.Route.execute(Route.java:68)\r\nE       \tat org.openqa.selenium.remote.http.Route$NestedRoute.handle(Route.java:270)\r\nE       \tat org.openqa.selenium.remote.http.Route.execute(Route.java:68)\r\nE       \tat org.openqa.selenium.remote.http.Route$CombinedRoute.handle(Route.java:336)\r\nE       \tat org.openqa.selenium.remote.http.Route.execute(Route.java:68)\r\nE       \tat org.openqa.selenium.remote.http.Route$CombinedRoute.handle(Route.java:336)\r\nE       \tat org.openqa.selenium.remote.http.Route.execute(Route.java:68)\r\nE       \tat org.openqa.selenium.remote.AddWebDriverSpecHeaders.lambda$apply$0(AddWebDriverSpecHeaders.java:35)\r\nE       \tat org.openqa.selenium.remote.ErrorFilter.lambda$apply$0(ErrorFilter.java:44)\r\nE       \tat org.openqa.selenium.remote.http.Filter$1.execute(Filter.java:64)\r\nE       \tat org.openqa.selenium.remote.ErrorFilter.lambda$apply$0(ErrorFilter.java:44)\r\nE       \tat org.openqa.selenium.remote.http.Filter$1.execute(Filter.java:64)\r\nE       \tat org.openqa.selenium.netty.server.SeleniumHandler.lambda$channelRead0$0(SeleniumHandler.java:44)\r\nE       \tat java.util.concurrent.Executors$RunnableAdapter.call(Unknown Source)\r\nE       \tat java.util.concurrent.FutureTask.run(Unknown Source)\r\nE       \tat java.util.concurrent.ThreadPoolExecutor.runWorker(Unknown Source)\r\nE       \tat java.util.concurrent.ThreadPoolExecutor$Worker.run(Unknown Source)\r\nE       \tat java.lang.Thread.run(Unknown Source)\r\nE       Caused by: java.util.concurrent.ExecutionException: java.util.concurrent.TimeoutException: Request timeout to localhost/127.0.0.1:60648 after 300000 ms\r\nE       \tat java.util.concurrent.CompletableFuture.reportGet(Unknown Source)\r\nE       \tat java.util.concurrent.CompletableFuture.get(Unknown Source)\r\nE       \tat org.asynchttpclient.netty.NettyResponseFuture.get(NettyResponseFuture.java:206)\r\nE       \tat org.openqa.selenium.remote.http.netty.NettyHttpHandler.makeCall(NettyHttpHandler.java:59)\r\nE       \tat org.openqa.selenium.remote.http.AddSeleniumUserAgent.lambda$apply$0(AddSeleniumUserAgent.java:42)\r\nE       \tat org.openqa.selenium.remote.http.Filter.lambda$andFinally$1(Filter.java:56)\r\nE       \tat org.openqa.selenium.remote.http.netty.NettyHttpHandler.execute(NettyHttpHandler.java:49)\r\nE       \tat org.openqa.selenium.remote.http.AddSeleniumUserAgent.lambda$apply$0(AddSeleniumUserAgent.java:42)\r\nE       \tat org.openqa.selenium.remote.http.Filter.lambda$andFinally$1(Filter.java:56)\r\nE       \tat org.openqa.selenium.remote.http.netty.NettyClient.execute(NettyClient.java:98)\r\nE       \tat org.openqa.selenium.remote.tracing.TracedHttpClient.execute(TracedHttpClient.java:55)\r\nE       \tat org.openqa.selenium.grid.web.ReverseProxyHandler.execute(ReverseProxyHandler.java:92)\r\nE       \tat org.openqa.selenium.grid.node.ProtocolConvertingSession.execute(ProtocolConvertingSession.java:75)\r\nE       \tat org.openqa.selenium.grid.node.local.SessionSlot.execute(SessionSlot.java:125)\r\nE       \tat org.openqa.selenium.grid.node.local.LocalNode.executeWebDriverCommand(LocalNode.java:447)\r\nE       \tat org.openqa.selenium.remote.http.AddSeleniumUserAgent.lambda$apply$0(AddSeleniumUserAgent.java:42)\r\nE       \tat org.openqa.selenium.remote.http.Filter.lambda$andFinally$1(Filter.java:56)\r\nE       \tat org.openqa.selenium.remote.AddWebDriverSpecHeaders.lambda$apply$0(AddWebDriverSpecHeaders.java:35)\r\nE       \tat org.openqa.selenium.remote.http.Filter.lambda$andFinally$1(Filter.java:56)\r\nE       \tat org.openqa.selenium.grid.security.AddSecretFilter.lambda$apply$0(AddSecretFilter.java:40)\r\nE       \tat org.openqa.selenium.remote.http.Filter.lambda$andFinally$1(Filter.java:56)\r\nE       \tat org.openqa.selenium.grid.node.CustomLocatorHandler.execute(CustomLocatorHandler.java:128)\r\nE       \tat org.openqa.selenium.remote.http.Route$CombinedRoute.handle(Route.java:336)\r\nE       \tat org.openqa.selenium.remote.http.Route.execute(Route.java:68)\r\nE       \tat org.openqa.selenium.grid.node.Node.execute(Node.java:240)\r\nE       \tat org.openqa.selenium.grid.web.CombinedHandler.execute(CombinedHandler.java:59)\r\nE       \tat org.openqa.selenium.grid.web.RoutableHttpClientFactory$1.execute(RoutableHttpClientFactory.java:72)\r\nE       \tat org.openqa.selenium.grid.web.ReverseProxyHandler.execute(ReverseProxyHandler.java:92)\r\nE       \tat org.openqa.selenium.grid.router.HandleSession.execute(HandleSession.java:122)\r\nE       \t... 28 more\r\nE       Caused by: java.util.concurrent.TimeoutException: Request timeout to localhost/127.0.0.1:60648 after 300000 ms\r\nE       \tat org.asynchttpclient.netty.timeout.TimeoutTimerTask.expire(TimeoutTimerTask.java:43)\r\nE       \tat org.asynchttpclient.netty.timeout.RequestTimeoutTimerTask.run(RequestTimeoutTimerTask.java:50)\r\nE       \tat io.netty.util.HashedWheelTimer$HashedWheelTimeout.run(HashedWheelTimer.java:715)\r\nE       \tat io.netty.util.concurrent.ImmediateExecutor.execute(ImmediateExecutor.java:34)\r\nE       \tat io.netty.util.HashedWheelTimer$HashedWheelTimeout.expire(HashedWheelTimer.java:703)\r\nE       \tat io.netty.util.HashedWheelTimer$HashedWheelBucket.expireTimeouts(HashedWheelTimer.java:790)\r\nE       \tat io.netty.util.HashedWheelTimer$Worker.run(HashedWheelTimer.java:503)\r\nE       \tat io.netty.util.concurrent.FastThreadLocalRunnable.run(FastThreadLocalRunnable.java:30)\r\nE       \t... 1 more\n\nd:\\工具\\python\\lib\\site-packages\\selenium\\webdriver\\remote\\errorhandler.py:247: TimeoutException",
  "flaky" : false,
  "newFailed" : false,
  "beforeStages" : [ {
    "name" : "remote_driver",
    "time" : {
      "start" : 1657515842684,
      "stop" : 1657515859316,
      "duration" : 16632
    },
    "status" : "passed",
    "steps" : [ ],
    "attachments" : [ ],
    "parameters" : [ ],
    "stepsCount" : 0,
    "hasContent" : false,
    "attachmentsCount" : 0,
    "shouldDisplayMessage" : false
  }, {
    "name" : "_session_faker",
    "time" : {
      "start" : 1657515842636,
      "stop" : 1657515842684,
      "duration" : 48
    },
    "status" : "passed",
    "steps" : [ ],
    "attachments" : [ ],
    "parameters" : [ ],
    "stepsCount" : 0,
    "hasContent" : false,
    "attachmentsCount" : 0,
    "shouldDisplayMessage" : false
  } ],
  "testStage" : {
    "description" : "描述：成功或失败都结束",
    "status" : "broken",
    "statusMessage" : "selenium.common.exceptions.TimeoutException: Message: Unable to execute request for an existing session: NettyHttpHandler request execution error\nStacktrace:\njava.lang.RuntimeException: Unable to execute request for an existing session: NettyHttpHandler request execution error\r\n\tat org.openqa.selenium.grid.router.HandleSession.execute(HandleSession.java:151)\r\n\tat org.openqa.selenium.remote.http.Route$PredicatedRoute.handle(Route.java:373)\r\n\tat org.openqa.selenium.remote.http.Route.execute(Route.java:68)\r\n\tat org.openqa.selenium.remote.http.Route$CombinedRoute.handle(Route.java:336)\r\n\tat org.openqa.selenium.remote.http.Route.execute(Route.java:68)\r\n\tat org.openqa.selenium.grid.router.Router.execute(Router.java:91)\r\n\tat org.openqa.selenium.grid.web.CheckOriginHeader.lambda$apply$0(CheckOriginHeader.java:66)\r\n\tat org.openqa.selenium.grid.web.CheckContentTypeHeader.lambda$apply$0(CheckContentTypeHeader.java:70)\r\n\tat org.openqa.selenium.grid.web.EnsureSpecCompliantResponseHeaders.lambda$apply$0(EnsureSpecCompliantResponseHeaders.java:34)\r\n\tat org.openqa.selenium.remote.http.Filter$1.execute(Filter.java:64)\r\n\tat org.openqa.selenium.remote.http.Route$CombinedRoute.handle(Route.java:336)\r\n\tat org.openqa.selenium.remote.http.Route.execute(Route.java:68)\r\n\tat org.openqa.selenium.remote.http.Route$NestedRoute.handle(Route.java:270)\r\n\tat org.openqa.selenium.remote.http.Route.execute(Route.java:68)\r\n\tat org.openqa.selenium.remote.http.Route$CombinedRoute.handle(Route.java:336)\r\n\tat org.openqa.selenium.remote.http.Route.execute(Route.java:68)\r\n\tat org.openqa.selenium.remote.http.Route$CombinedRoute.handle(Route.java:336)\r\n\tat org.openqa.selenium.remote.http.Route.execute(Route.java:68)\r\n\tat org.openqa.selenium.remote.AddWebDriverSpecHeaders.lambda$apply$0(AddWebDriverSpecHeaders.java:35)\r\n\tat org.openqa.selenium.remote.ErrorFilter.lambda$apply$0(ErrorFilter.java:44)\r\n\tat org.openqa.selenium.remote.http.Filter$1.execute(Filter.java:64)\r\n\tat org.openqa.selenium.remote.ErrorFilter.lambda$apply$0(ErrorFilter.java:44)\r\n\tat org.openqa.selenium.remote.http.Filter$1.execute(Filter.java:64)\r\n\tat org.openqa.selenium.netty.server.SeleniumHandler.lambda$channelRead0$0(SeleniumHandler.java:44)\r\n\tat java.util.concurrent.Executors$RunnableAdapter.call(Unknown Source)\r\n\tat java.util.concurrent.FutureTask.run(Unknown Source)\r\n\tat java.util.concurrent.ThreadPoolExecutor.runWorker(Unknown Source)\r\n\tat java.util.concurrent.ThreadPoolExecutor$Worker.run(Unknown Source)\r\n\tat java.lang.Thread.run(Unknown Source)\r\nCaused by: java.util.concurrent.ExecutionException: java.util.concurrent.TimeoutException: Request timeout to localhost/127.0.0.1:60648 after 300000 ms\r\n\tat java.util.concurrent.CompletableFuture.reportGet(Unknown Source)\r\n\tat java.util.concurrent.CompletableFuture.get(Unknown Source)\r\n\tat org.asynchttpclient.netty.NettyResponseFuture.get(NettyResponseFuture.java:206)\r\n\tat org.openqa.selenium.remote.http.netty.NettyHttpHandler.makeCall(NettyHttpHandler.java:59)\r\n\tat org.openqa.selenium.remote.http.AddSeleniumUserAgent.lambda$apply$0(AddSeleniumUserAgent.java:42)\r\n\tat org.openqa.selenium.remote.http.Filter.lambda$andFinally$1(Filter.java:56)\r\n\tat org.openqa.selenium.remote.http.netty.NettyHttpHandler.execute(NettyHttpHandler.java:49)\r\n\tat org.openqa.selenium.remote.http.AddSeleniumUserAgent.lambda$apply$0(AddSeleniumUserAgent.java:42)\r\n\tat org.openqa.selenium.remote.http.Filter.lambda$andFinally$1(Filter.java:56)\r\n\tat org.openqa.selenium.remote.http.netty.NettyClient.execute(NettyClient.java:98)\r\n\tat org.openqa.selenium.remote.tracing.TracedHttpClient.execute(TracedHttpClient.java:55)\r\n\tat org.openqa.selenium.grid.web.ReverseProxyHandler.execute(ReverseProxyHandler.java:92)\r\n\tat org.openqa.selenium.grid.node.ProtocolConvertingSession.execute(ProtocolConvertingSession.java:75)\r\n\tat org.openqa.selenium.grid.node.local.SessionSlot.execute(SessionSlot.java:125)\r\n\tat org.openqa.selenium.grid.node.local.LocalNode.executeWebDriverCommand(LocalNode.java:447)\r\n\tat org.openqa.selenium.remote.http.AddSeleniumUserAgent.lambda$apply$0(AddSeleniumUserAgent.java:42)\r\n\tat org.openqa.selenium.remote.http.Filter.lambda$andFinally$1(Filter.java:56)\r\n\tat org.openqa.selenium.remote.AddWebDriverSpecHeaders.lambda$apply$0(AddWebDriverSpecHeaders.java:35)\r\n\tat org.openqa.selenium.remote.http.Filter.lambda$andFinally$1(Filter.java:56)\r\n\tat org.openqa.selenium.grid.security.AddSecretFilter.lambda$apply$0(AddSecretFilter.java:40)\r\n\tat org.openqa.selenium.remote.http.Filter.lambda$andFinally$1(Filter.java:56)\r\n\tat org.openqa.selenium.grid.node.CustomLocatorHandler.execute(CustomLocatorHandler.java:128)\r\n\tat org.openqa.selenium.remote.http.Route$CombinedRoute.handle(Route.java:336)\r\n\tat org.openqa.selenium.remote.http.Route.execute(Route.java:68)\r\n\tat org.openqa.selenium.grid.node.Node.execute(Node.java:240)\r\n\tat org.openqa.selenium.grid.web.CombinedHandler.execute(CombinedHandler.java:59)\r\n\tat org.openqa.selenium.grid.web.RoutableHttpClientFactory$1.execute(RoutableHttpClientFactory.java:72)\r\n\tat org.openqa.selenium.grid.web.ReverseProxyHandler.execute(ReverseProxyHandler.java:92)\r\n\tat org.openqa.selenium.grid.router.HandleSession.execute(HandleSession.java:122)\r\n\t... 28 more\r\nCaused by: java.util.concurrent.TimeoutException: Request timeout to localhost/127.0.0.1:60648 after 300000 ms\r\n\tat org.asynchttpclient.netty.timeout.TimeoutTimerTask.expire(TimeoutTimerTask.java:43)\r\n\tat org.asynchttpclient.netty.timeout.RequestTimeoutTimerTask.run(RequestTimeoutTimerTask.java:50)\r\n\tat io.netty.util.HashedWheelTimer$HashedWheelTimeout.run(HashedWheelTimer.java:715)\r\n\tat io.netty.util.concurrent.ImmediateExecutor.execute(ImmediateExecutor.java:34)\r\n\tat io.netty.util.HashedWheelTimer$HashedWheelTimeout.expire(HashedWheelTimer.java:703)\r\n\tat io.netty.util.HashedWheelTimer$HashedWheelBucket.expireTimeouts(HashedWheelTimer.java:790)\r\n\tat io.netty.util.HashedWheelTimer$Worker.run(HashedWheelTimer.java:503)\r\n\tat io.netty.util.concurrent.FastThreadLocalRunnable.run(FastThreadLocalRunnable.java:30)\r\n\t... 1 more",
    "statusTrace" : "remote_driver = <selenium.webdriver.remote.webdriver.WebDriver (session=\"e5902a8d1c915c951c73023513bec668\")>\n\n    @pytest.mark.run(order=4)\n    @pytest.mark.workspace\n    @allure.feature(\"正常报备\")\n    @allure.story(\"报备人员面试通过\")\n    @allure.title(\"报备人员面试通过\")\n    def test_04(remote_driver):\n        wp = WorkPlace(remote_driver)\n        wp.open_datas()\n        dp=DataProcessing(remote_driver)\n>       dp.interview_results()\n\ncases\\test_case_pytest.py:115: \n_ _ _ _ _ _ _ _ _ _ _ _ _ _ _ _ _ _ _ _ _ _ _ _ _ _ _ _ _ _ _ _ _ _ _ _ _ _ _ _\npages\\workplace_page\\data_processing_page\\data_processing_page.py:50: in interview_results\n    self.click(self.end_btn)\nbase\\base_page.py:39: in click\n    self.locator(loc).click()\nbase\\base_page.py:30: in locator\n    return self.driver.find_element(*loc)\nd:\\工具\\python\\lib\\site-packages\\selenium\\webdriver\\remote\\webdriver.py:1251: in find_element\n    return self.execute(Command.FIND_ELEMENT, {\nd:\\工具\\python\\lib\\site-packages\\selenium\\webdriver\\remote\\webdriver.py:430: in execute\n    self.error_handler.check_response(response)\n_ _ _ _ _ _ _ _ _ _ _ _ _ _ _ _ _ _ _ _ _ _ _ _ _ _ _ _ _ _ _ _ _ _ _ _ _ _ _ _\n\nself = <selenium.webdriver.remote.errorhandler.ErrorHandler object at 0x03F73FB8>\nresponse = {'status': 500, 'value': '{\\n  \"value\": {\\n    \"error\": \"script timeout\",\\n    \"message\": \"Unable to execute request f....netty.util.concurrent.FastThreadLocalRunnable.run(FastThreadLocalRunnable.java:30)\\\\r\\\\n\\\\t... 1 more\\\\r\\\\n\"\\n  }\\n}'}\n\n    def check_response(self, response: Dict[str, Any]) -> None:\n        \"\"\"\n        Checks that a JSON response from the WebDriver does not have an error.\n    \n        :Args:\n         - response - The JSON response from the WebDriver server as a dictionary\n           object.\n    \n        :Raises: If the response contains an error message.\n        \"\"\"\n        status = response.get('status', None)\n        if not status or status == ErrorCode.SUCCESS:\n            return\n        value = None\n        message = response.get(\"message\", \"\")\n        screen: str = response.get(\"screen\", \"\")\n        stacktrace = None\n        if isinstance(status, int):\n            value_json = response.get('value', None)\n            if value_json and isinstance(value_json, str):\n                import json\n                try:\n                    value = json.loads(value_json)\n                    if len(value.keys()) == 1:\n                        value = value['value']\n                    status = value.get('error', None)\n                    if not status:\n                        status = value.get(\"status\", ErrorCode.UNKNOWN_ERROR)\n                        message = value.get(\"value\") or value.get(\"message\")\n                        if not isinstance(message, str):\n                            value = message\n                            message = message.get('message')\n                    else:\n                        message = value.get('message', None)\n                except ValueError:\n                    pass\n    \n        exception_class: Type[WebDriverException]\n        if status in ErrorCode.NO_SUCH_ELEMENT:\n            exception_class = NoSuchElementException\n        elif status in ErrorCode.NO_SUCH_FRAME:\n            exception_class = NoSuchFrameException\n        elif status in ErrorCode.NO_SUCH_SHADOW_ROOT:\n            exception_class = NoSuchShadowRootException\n        elif status in ErrorCode.NO_SUCH_WINDOW:\n            exception_class = NoSuchWindowException\n        elif status in ErrorCode.STALE_ELEMENT_REFERENCE:\n            exception_class = StaleElementReferenceException\n        elif status in ErrorCode.ELEMENT_NOT_VISIBLE:\n            exception_class = ElementNotVisibleException\n        elif status in ErrorCode.INVALID_ELEMENT_STATE:\n            exception_class = InvalidElementStateException\n        elif status in ErrorCode.INVALID_SELECTOR \\\n                or status in ErrorCode.INVALID_XPATH_SELECTOR \\\n                or status in ErrorCode.INVALID_XPATH_SELECTOR_RETURN_TYPER:\n            exception_class = InvalidSelectorException\n        elif status in ErrorCode.ELEMENT_IS_NOT_SELECTABLE:\n            exception_class = ElementNotSelectableException\n        elif status in ErrorCode.ELEMENT_NOT_INTERACTABLE:\n            exception_class = ElementNotInteractableException\n        elif status in ErrorCode.INVALID_COOKIE_DOMAIN:\n            exception_class = InvalidCookieDomainException\n        elif status in ErrorCode.UNABLE_TO_SET_COOKIE:\n            exception_class = UnableToSetCookieException\n        elif status in ErrorCode.TIMEOUT:\n            exception_class = TimeoutException\n        elif status in ErrorCode.SCRIPT_TIMEOUT:\n            exception_class = TimeoutException\n        elif status in ErrorCode.UNKNOWN_ERROR:\n            exception_class = WebDriverException\n        elif status in ErrorCode.UNEXPECTED_ALERT_OPEN:\n            exception_class = UnexpectedAlertPresentException\n        elif status in ErrorCode.NO_ALERT_OPEN:\n            exception_class = NoAlertPresentException\n        elif status in ErrorCode.IME_NOT_AVAILABLE:\n            exception_class = ImeNotAvailableException\n        elif status in ErrorCode.IME_ENGINE_ACTIVATION_FAILED:\n            exception_class = ImeActivationFailedException\n        elif status in ErrorCode.MOVE_TARGET_OUT_OF_BOUNDS:\n            exception_class = MoveTargetOutOfBoundsException\n        elif status in ErrorCode.JAVASCRIPT_ERROR:\n            exception_class = JavascriptException\n        elif status in ErrorCode.SESSION_NOT_CREATED:\n            exception_class = SessionNotCreatedException\n        elif status in ErrorCode.INVALID_ARGUMENT:\n            exception_class = InvalidArgumentException\n        elif status in ErrorCode.NO_SUCH_COOKIE:\n            exception_class = NoSuchCookieException\n        elif status in ErrorCode.UNABLE_TO_CAPTURE_SCREEN:\n            exception_class = ScreenshotException\n        elif status in ErrorCode.ELEMENT_CLICK_INTERCEPTED:\n            exception_class = ElementClickInterceptedException\n        elif status in ErrorCode.INSECURE_CERTIFICATE:\n            exception_class = InsecureCertificateException\n        elif status in ErrorCode.INVALID_COORDINATES:\n            exception_class = InvalidCoordinatesException\n        elif status in ErrorCode.INVALID_SESSION_ID:\n            exception_class = InvalidSessionIdException\n        elif status in ErrorCode.UNKNOWN_METHOD:\n            exception_class = UnknownMethodException\n        else:\n            exception_class = WebDriverException\n        if not value:\n            value = response['value']\n        if isinstance(value, str):\n            raise exception_class(value)\n        if message == \"\" and 'message' in value:\n            message = value['message']\n    \n        screen = None  # type: ignore[assignment]\n        if 'screen' in value:\n            screen = value['screen']\n    \n        stacktrace = None\n        st_value = value.get('stackTrace') or value.get('stacktrace')\n        if st_value:\n            if isinstance(st_value, str):\n                stacktrace = st_value.split('\\n')\n            else:\n                stacktrace = []\n                try:\n                    for frame in st_value:\n                        line = self._value_or_default(frame, 'lineNumber', '')\n                        file = self._value_or_default(frame, 'fileName', '<anonymous>')\n                        if line:\n                            file = \"%s:%s\" % (file, line)\n                        meth = self._value_or_default(frame, 'methodName', '<anonymous>')\n                        if 'className' in frame:\n                            meth = \"%s.%s\" % (frame['className'], meth)\n                        msg = \"    at %s (%s)\"\n                        msg = msg % (meth, file)\n                        stacktrace.append(msg)\n                except TypeError:\n                    pass\n        if exception_class == UnexpectedAlertPresentException:\n            alert_text = None\n            if 'data' in value:\n                alert_text = value['data'].get('text')\n            elif 'alert' in value:\n                alert_text = value['alert'].get('text')\n            raise exception_class(message, screen, stacktrace, alert_text)  # type: ignore[call-arg]  # mypy is not smart enough here\n>       raise exception_class(message, screen, stacktrace)\nE       selenium.common.exceptions.TimeoutException: Message: Unable to execute request for an existing session: NettyHttpHandler request execution error\nE       Stacktrace:\nE       java.lang.RuntimeException: Unable to execute request for an existing session: NettyHttpHandler request execution error\r\nE       \tat org.openqa.selenium.grid.router.HandleSession.execute(HandleSession.java:151)\r\nE       \tat org.openqa.selenium.remote.http.Route$PredicatedRoute.handle(Route.java:373)\r\nE       \tat org.openqa.selenium.remote.http.Route.execute(Route.java:68)\r\nE       \tat org.openqa.selenium.remote.http.Route$CombinedRoute.handle(Route.java:336)\r\nE       \tat org.openqa.selenium.remote.http.Route.execute(Route.java:68)\r\nE       \tat org.openqa.selenium.grid.router.Router.execute(Router.java:91)\r\nE       \tat org.openqa.selenium.grid.web.CheckOriginHeader.lambda$apply$0(CheckOriginHeader.java:66)\r\nE       \tat org.openqa.selenium.grid.web.CheckContentTypeHeader.lambda$apply$0(CheckContentTypeHeader.java:70)\r\nE       \tat org.openqa.selenium.grid.web.EnsureSpecCompliantResponseHeaders.lambda$apply$0(EnsureSpecCompliantResponseHeaders.java:34)\r\nE       \tat org.openqa.selenium.remote.http.Filter$1.execute(Filter.java:64)\r\nE       \tat org.openqa.selenium.remote.http.Route$CombinedRoute.handle(Route.java:336)\r\nE       \tat org.openqa.selenium.remote.http.Route.execute(Route.java:68)\r\nE       \tat org.openqa.selenium.remote.http.Route$NestedRoute.handle(Route.java:270)\r\nE       \tat org.openqa.selenium.remote.http.Route.execute(Route.java:68)\r\nE       \tat org.openqa.selenium.remote.http.Route$CombinedRoute.handle(Route.java:336)\r\nE       \tat org.openqa.selenium.remote.http.Route.execute(Route.java:68)\r\nE       \tat org.openqa.selenium.remote.http.Route$CombinedRoute.handle(Route.java:336)\r\nE       \tat org.openqa.selenium.remote.http.Route.execute(Route.java:68)\r\nE       \tat org.openqa.selenium.remote.AddWebDriverSpecHeaders.lambda$apply$0(AddWebDriverSpecHeaders.java:35)\r\nE       \tat org.openqa.selenium.remote.ErrorFilter.lambda$apply$0(ErrorFilter.java:44)\r\nE       \tat org.openqa.selenium.remote.http.Filter$1.execute(Filter.java:64)\r\nE       \tat org.openqa.selenium.remote.ErrorFilter.lambda$apply$0(ErrorFilter.java:44)\r\nE       \tat org.openqa.selenium.remote.http.Filter$1.execute(Filter.java:64)\r\nE       \tat org.openqa.selenium.netty.server.SeleniumHandler.lambda$channelRead0$0(SeleniumHandler.java:44)\r\nE       \tat java.util.concurrent.Executors$RunnableAdapter.call(Unknown Source)\r\nE       \tat java.util.concurrent.FutureTask.run(Unknown Source)\r\nE       \tat java.util.concurrent.ThreadPoolExecutor.runWorker(Unknown Source)\r\nE       \tat java.util.concurrent.ThreadPoolExecutor$Worker.run(Unknown Source)\r\nE       \tat java.lang.Thread.run(Unknown Source)\r\nE       Caused by: java.util.concurrent.ExecutionException: java.util.concurrent.TimeoutException: Request timeout to localhost/127.0.0.1:60648 after 300000 ms\r\nE       \tat java.util.concurrent.CompletableFuture.reportGet(Unknown Source)\r\nE       \tat java.util.concurrent.CompletableFuture.get(Unknown Source)\r\nE       \tat org.asynchttpclient.netty.NettyResponseFuture.get(NettyResponseFuture.java:206)\r\nE       \tat org.openqa.selenium.remote.http.netty.NettyHttpHandler.makeCall(NettyHttpHandler.java:59)\r\nE       \tat org.openqa.selenium.remote.http.AddSeleniumUserAgent.lambda$apply$0(AddSeleniumUserAgent.java:42)\r\nE       \tat org.openqa.selenium.remote.http.Filter.lambda$andFinally$1(Filter.java:56)\r\nE       \tat org.openqa.selenium.remote.http.netty.NettyHttpHandler.execute(NettyHttpHandler.java:49)\r\nE       \tat org.openqa.selenium.remote.http.AddSeleniumUserAgent.lambda$apply$0(AddSeleniumUserAgent.java:42)\r\nE       \tat org.openqa.selenium.remote.http.Filter.lambda$andFinally$1(Filter.java:56)\r\nE       \tat org.openqa.selenium.remote.http.netty.NettyClient.execute(NettyClient.java:98)\r\nE       \tat org.openqa.selenium.remote.tracing.TracedHttpClient.execute(TracedHttpClient.java:55)\r\nE       \tat org.openqa.selenium.grid.web.ReverseProxyHandler.execute(ReverseProxyHandler.java:92)\r\nE       \tat org.openqa.selenium.grid.node.ProtocolConvertingSession.execute(ProtocolConvertingSession.java:75)\r\nE       \tat org.openqa.selenium.grid.node.local.SessionSlot.execute(SessionSlot.java:125)\r\nE       \tat org.openqa.selenium.grid.node.local.LocalNode.executeWebDriverCommand(LocalNode.java:447)\r\nE       \tat org.openqa.selenium.remote.http.AddSeleniumUserAgent.lambda$apply$0(AddSeleniumUserAgent.java:42)\r\nE       \tat org.openqa.selenium.remote.http.Filter.lambda$andFinally$1(Filter.java:56)\r\nE       \tat org.openqa.selenium.remote.AddWebDriverSpecHeaders.lambda$apply$0(AddWebDriverSpecHeaders.java:35)\r\nE       \tat org.openqa.selenium.remote.http.Filter.lambda$andFinally$1(Filter.java:56)\r\nE       \tat org.openqa.selenium.grid.security.AddSecretFilter.lambda$apply$0(AddSecretFilter.java:40)\r\nE       \tat org.openqa.selenium.remote.http.Filter.lambda$andFinally$1(Filter.java:56)\r\nE       \tat org.openqa.selenium.grid.node.CustomLocatorHandler.execute(CustomLocatorHandler.java:128)\r\nE       \tat org.openqa.selenium.remote.http.Route$CombinedRoute.handle(Route.java:336)\r\nE       \tat org.openqa.selenium.remote.http.Route.execute(Route.java:68)\r\nE       \tat org.openqa.selenium.grid.node.Node.execute(Node.java:240)\r\nE       \tat org.openqa.selenium.grid.web.CombinedHandler.execute(CombinedHandler.java:59)\r\nE       \tat org.openqa.selenium.grid.web.RoutableHttpClientFactory$1.execute(RoutableHttpClientFactory.java:72)\r\nE       \tat org.openqa.selenium.grid.web.ReverseProxyHandler.execute(ReverseProxyHandler.java:92)\r\nE       \tat org.openqa.selenium.grid.router.HandleSession.execute(HandleSession.java:122)\r\nE       \t... 28 more\r\nE       Caused by: java.util.concurrent.TimeoutException: Request timeout to localhost/127.0.0.1:60648 after 300000 ms\r\nE       \tat org.asynchttpclient.netty.timeout.TimeoutTimerTask.expire(TimeoutTimerTask.java:43)\r\nE       \tat org.asynchttpclient.netty.timeout.RequestTimeoutTimerTask.run(RequestTimeoutTimerTask.java:50)\r\nE       \tat io.netty.util.HashedWheelTimer$HashedWheelTimeout.run(HashedWheelTimer.java:715)\r\nE       \tat io.netty.util.concurrent.ImmediateExecutor.execute(ImmediateExecutor.java:34)\r\nE       \tat io.netty.util.HashedWheelTimer$HashedWheelTimeout.expire(HashedWheelTimer.java:703)\r\nE       \tat io.netty.util.HashedWheelTimer$HashedWheelBucket.expireTimeouts(HashedWheelTimer.java:790)\r\nE       \tat io.netty.util.HashedWheelTimer$Worker.run(HashedWheelTimer.java:503)\r\nE       \tat io.netty.util.concurrent.FastThreadLocalRunnable.run(FastThreadLocalRunnable.java:30)\r\nE       \t... 1 more\n\nd:\\工具\\python\\lib\\site-packages\\selenium\\webdriver\\remote\\errorhandler.py:247: TimeoutException",
    "steps" : [ {
      "name" : "进入综合数据处理",
      "time" : {
        "start" : 1657515938609,
        "stop" : 1657515940405,
        "duration" : 1796
      },
      "status" : "passed",
      "steps" : [ ],
      "attachments" : [ ],
      "parameters" : [ ],
      "stepsCount" : 0,
      "hasContent" : false,
      "attachmentsCount" : 0,
      "shouldDisplayMessage" : false
    }, {
      "name" : "点击待反馈",
      "time" : {
        "start" : 1657515940405,
        "stop" : 1657515941821,
        "duration" : 1416
      },
      "status" : "passed",
      "steps" : [ ],
      "attachments" : [ ],
      "parameters" : [ ],
      "stepsCount" : 0,
      "hasContent" : false,
      "attachmentsCount" : 0,
      "shouldDisplayMessage" : false
    }, {
      "name" : "点击勾选框",
      "time" : {
        "start" : 1657515941821,
        "stop" : 1657515942264,
        "duration" : 443
      },
      "status" : "passed",
      "steps" : [ ],
      "attachments" : [ ],
      "parameters" : [ ],
      "stepsCount" : 0,
      "hasContent" : false,
      "attachmentsCount" : 0,
      "shouldDisplayMessage" : false
    }, {
      "name" : "面试成功",
      "time" : {
        "start" : 1657515942264,
        "stop" : 1657515943717,
        "duration" : 1453
      },
      "status" : "passed",
      "steps" : [ ],
      "attachments" : [ ],
      "parameters" : [ ],
      "stepsCount" : 0,
      "hasContent" : false,
      "attachmentsCount" : 0,
      "shouldDisplayMessage" : false
    }, {
      "name" : "点击面试时间框",
      "time" : {
        "start" : 1657515943717,
        "stop" : 1657515945114,
        "duration" : 1397
      },
      "status" : "passed",
      "steps" : [ ],
      "attachments" : [ ],
      "parameters" : [ ],
      "stepsCount" : 0,
      "hasContent" : false,
      "attachmentsCount" : 0,
      "shouldDisplayMessage" : false
    }, {
      "name" : "选择面试时间",
      "time" : {
        "start" : 1657515945114,
        "stop" : 1657515945642,
        "duration" : 528
      },
      "status" : "passed",
      "steps" : [ ],
      "attachments" : [ ],
      "parameters" : [ ],
      "stepsCount" : 0,
      "hasContent" : false,
      "attachmentsCount" : 0,
      "shouldDisplayMessage" : false
    }, {
      "name" : "确认",
      "time" : {
        "start" : 1657515945642,
        "stop" : 1657515948026,
        "duration" : 2384
      },
      "status" : "passed",
      "steps" : [ ],
      "attachments" : [ {
        "uid" : "284f4b35c6bf547",
        "name" : "482bd4ee-f7b6-4055-b391-ed07dc0232a9-attachment.attach",
        "source" : "284f4b35c6bf547.attach",
        "type" : "image/png",
        "size" : 480550
      } ],
      "parameters" : [ ],
      "stepsCount" : 0,
      "hasContent" : true,
      "attachmentsCount" : 1,
      "shouldDisplayMessage" : false
    }, {
      "name" : "点击结束",
      "time" : {
        "start" : 1657515948026,
        "stop" : 1657516805125,
        "duration" : 857099
      },
      "status" : "broken",
      "statusMessage" : "selenium.common.exceptions.TimeoutException: Message: Unable to execute request for an existing session: NettyHttpHandler request execution error\nStacktrace:\njava.lang.RuntimeException: Unable to execute request for an existing session: NettyHttpHandler request execution error\r\n\tat org.openqa.selenium.grid.router.HandleSession.execute(HandleSession.java:151)\r\n\tat org.openqa.selenium.remote.http.Route$PredicatedRoute.handle(Route.java:373)\r\n\tat org.openqa.selenium.remote.http.Route.execute(Route.java:68)\r\n\tat org.openqa.selenium.remote.http.Route$CombinedRoute.handle(Route.java:336)\r\n\tat org.openqa.selenium.remote.http.Route.execute(Route.java:68)\r\n\tat org.openqa.selenium.grid.router.Router.execute(Router.java:91)\r\n\tat org.openqa.selenium.grid.web.CheckOriginHeader.lambda$apply$0(CheckOriginHeader.java:66)\r\n\tat org.openqa.selenium.grid.web.CheckContentTypeHeader.lambda$apply$0(CheckContentTypeHeader.java:70)\r\n\tat org.openqa.selenium.grid.web.EnsureSpecCompliantResponseHeaders.lambda$apply$0(EnsureSpecCompliantResponseHeaders.java:34)\r\n\tat org.openqa.selenium.remote.http.Filter$1.execute(Filter.java:64)\r\n\tat org.openqa.selenium.remote.http.Route$CombinedRoute.handle(Route.java:336)\r\n\tat org.openqa.selenium.remote.http.Route.execute(Route.java:68)\r\n\tat org.openqa.selenium.remote.http.Route$NestedRoute.handle(Route.java:270)\r\n\tat org.openqa.selenium.remote.http.Route.execute(Route.java:68)\r\n\tat org.openqa.selenium.remote.http.Route$CombinedRoute.handle(Route.java:336)\r\n\tat org.openqa.selenium.remote.http.Route.execute(Route.java:68)\r\n\tat org.openqa.selenium.remote.http.Route$CombinedRoute.handle(Route.java:336)\r\n\tat org.openqa.selenium.remote.http.Route.execute(Route.java:68)\r\n\tat org.openqa.selenium.remote.AddWebDriverSpecHeaders.lambda$apply$0(AddWebDriverSpecHeaders.java:35)\r\n\tat org.openqa.selenium.remote.ErrorFilter.lambda$apply$0(ErrorFilter.java:44)\r\n\tat org.openqa.selenium.remote.http.Filter$1.execute(Filter.java:64)\r\n\tat org.openqa.selenium.remote.ErrorFilter.lambda$apply$0(ErrorFilter.java:44)\r\n\tat org.openqa.selenium.remote.http.Filter$1.execute(Filter.java:64)\r\n\tat org.openqa.selenium.netty.server.SeleniumHandler.lambda$channelRead0$0(SeleniumHandler.java:44)\r\n\tat java.util.concurrent.Executors$RunnableAdapter.call(Unknown Source)\r\n\tat java.util.concurrent.FutureTask.run(Unknown Source)\r\n\tat java.util.concurrent.ThreadPoolExecutor.runWorker(Unknown Source)\r\n\tat java.util.concurrent.ThreadPoolExecutor$Worker.run(Unknown Source)\r\n\tat java.lang.Thread.run(Unknown Source)\r\nCaused by: java.util.concurrent.ExecutionException: java.util.concurrent.TimeoutException: Request timeout to localhost/127.0.0.1:60648 after 300000 ms\r\n\tat java.util.concurrent.CompletableFuture.reportGet(Unknown Source)\r\n\tat java.util.concurrent.CompletableFuture.get(Unknown Source)\r\n\tat org.asynchttpclient.netty.NettyResponseFuture.get(NettyResponseFuture.java:206)\r\n\tat org.openqa.selenium.remote.http.netty.NettyHttpHandler.makeCall(NettyHttpHandler.java:59)\r\n\tat org.openqa.selenium.remote.http.AddSeleniumUserAgent.lambda$apply$0(AddSeleniumUserAgent.java:42)\r\n\tat org.openqa.selenium.remote.http.Filter.lambda$andFinally$1(Filter.java:56)\r\n\tat org.openqa.selenium.remote.http.netty.NettyHttpHandler.execute(NettyHttpHandler.java:49)\r\n\tat org.openqa.selenium.remote.http.AddSeleniumUserAgent.lambda$apply$0(AddSeleniumUserAgent.java:42)\r\n\tat org.openqa.selenium.remote.http.Filter.lambda$andFinally$1(Filter.java:56)\r\n\tat org.openqa.selenium.remote.http.netty.NettyClient.execute(NettyClient.java:98)\r\n\tat org.openqa.selenium.remote.tracing.TracedHttpClient.execute(TracedHttpClient.java:55)\r\n\tat org.openqa.selenium.grid.web.ReverseProxyHandler.execute(ReverseProxyHandler.java:92)\r\n\tat org.openqa.selenium.grid.node.ProtocolConvertingSession.execute(ProtocolConvertingSession.java:75)\r\n\tat org.openqa.selenium.grid.node.local.SessionSlot.execute(SessionSlot.java:125)\r\n\tat org.openqa.selenium.grid.node.local.LocalNode.executeWebDriverCommand(LocalNode.java:447)\r\n\tat org.openqa.selenium.remote.http.AddSeleniumUserAgent.lambda$apply$0(AddSeleniumUserAgent.java:42)\r\n\tat org.openqa.selenium.remote.http.Filter.lambda$andFinally$1(Filter.java:56)\r\n\tat org.openqa.selenium.remote.AddWebDriverSpecHeaders.lambda$apply$0(AddWebDriverSpecHeaders.java:35)\r\n\tat org.openqa.selenium.remote.http.Filter.lambda$andFinally$1(Filter.java:56)\r\n\tat org.openqa.selenium.grid.security.AddSecretFilter.lambda$apply$0(AddSecretFilter.java:40)\r\n\tat org.openqa.selenium.remote.http.Filter.lambda$andFinally$1(Filter.java:56)\r\n\tat org.openqa.selenium.grid.node.CustomLocatorHandler.execute(CustomLocatorHandler.java:128)\r\n\tat org.openqa.selenium.remote.http.Route$CombinedRoute.handle(Route.java:336)\r\n\tat org.openqa.selenium.remote.http.Route.execute(Route.java:68)\r\n\tat org.openqa.selenium.grid.node.Node.execute(Node.java:240)\r\n\tat org.openqa.selenium.grid.web.CombinedHandler.execute(CombinedHandler.java:59)\r\n\tat org.openqa.selenium.grid.web.RoutableHttpClientFactory$1.execute(RoutableHttpClientFactory.java:72)\r\n\tat org.openqa.selenium.grid.web.ReverseProxyHandler.execute(ReverseProxyHandler.java:92)\r\n\tat org.openqa.selenium.grid.router.HandleSession.execute(HandleSession.java:122)\r\n\t... 28 more\r\nCaused by: java.util.concurrent.TimeoutException: Request timeout to localhost/127.0.0.1:60648 after 300000 ms\r\n\tat org.asynchttpclient.netty.timeout.TimeoutTimerTask.expire(TimeoutTimerTask.java:43)\r\n\tat org.asynchttpclient.netty.timeout.RequestTimeoutTimerTask.run(RequestTimeoutTimerTask.java:50)\r\n\tat io.netty.util.HashedWheelTimer$HashedWheelTimeout.run(HashedWheelTimer.java:715)\r\n\tat io.netty.util.concurrent.ImmediateExecutor.execute(ImmediateExecutor.java:34)\r\n\tat io.netty.util.HashedWheelTimer$HashedWheelTimeout.expire(HashedWheelTimer.java:703)\r\n\tat io.netty.util.HashedWheelTimer$HashedWheelBucket.expireTimeouts(HashedWheelTimer.java:790)\r\n\tat io.netty.util.HashedWheelTimer$Worker.run(HashedWheelTimer.java:503)\r\n\tat io.netty.util.concurrent.FastThreadLocalRunnable.run(FastThreadLocalRunnable.java:30)\r\n\t... 1 more\r\n\n",
      "statusTrace" : "  File \"D:\\selenium_compass\\pages\\workplace_page\\data_processing_page\\data_processing_page.py\", line 50, in interview_results\n    self.click(self.end_btn)\n  File \"D:\\selenium_compass\\base\\base_page.py\", line 39, in click\n    self.locator(loc).click()\n  File \"D:\\selenium_compass\\base\\base_page.py\", line 30, in locator\n    return self.driver.find_element(*loc)\n  File \"d:\\工具\\python\\lib\\site-packages\\selenium\\webdriver\\remote\\webdriver.py\", line 1251, in find_element\n    return self.execute(Command.FIND_ELEMENT, {\n  File \"d:\\工具\\python\\lib\\site-packages\\selenium\\webdriver\\remote\\webdriver.py\", line 430, in execute\n    self.error_handler.check_response(response)\n  File \"d:\\工具\\python\\lib\\site-packages\\selenium\\webdriver\\remote\\errorhandler.py\", line 247, in check_response\n    raise exception_class(message, screen, stacktrace)\n",
      "steps" : [ ],
      "attachments" : [ ],
      "parameters" : [ ],
      "stepsCount" : 0,
      "hasContent" : true,
      "attachmentsCount" : 0,
      "shouldDisplayMessage" : true
    } ],
    "attachments" : [ {
      "uid" : "95441fe49f913b3b",
      "name" : "log",
      "source" : "95441fe49f913b3b.txt",
      "type" : "text/plain",
      "size" : 1709
    }, {
      "uid" : "80ce1c16fb715bc4",
      "name" : "stdout",
      "source" : "80ce1c16fb715bc4.txt",
      "type" : "text/plain",
      "size" : 116
    }, {
      "uid" : "1bd6a6dd10a1192",
      "name" : "stderr",
      "source" : "1bd6a6dd10a1192.txt",
      "type" : "text/plain",
      "size" : 1872
    } ],
    "parameters" : [ ],
    "stepsCount" : 8,
    "hasContent" : true,
    "attachmentsCount" : 4,
    "shouldDisplayMessage" : true
  },
  "afterStages" : [ {
    "name" : "remote_driver::0",
    "time" : {
      "start" : 1657516805406,
      "stop" : 1657516805416,
      "duration" : 10
    },
    "status" : "broken",
    "statusMessage" : "selenium.common.exceptions.WebDriverException: Message: Unable to route (DELETE) /session/e5902a8d1c915c951c73023513bec668\n\n",
    "statusTrace" : "  File \"d:\\工具\\python\\lib\\site-packages\\allure_commons\\_allure.py\", line 200, in __call__\n    return self._fixture_function(*args, **kwargs)\n  File \"d:\\工具\\python\\lib\\site-packages\\_pytest\\fixtures.py\", line 941, in _teardown_yield_fixture\n    next(it)\n  File \"D:\\selenium_compass\\cases\\test_case_pytest.py\", line 45, in remote_driver\n    driver.quit()\n  File \"d:\\工具\\python\\lib\\site-packages\\selenium\\webdriver\\remote\\webdriver.py\", line 955, in quit\n    self.execute(Command.QUIT)\n  File \"d:\\工具\\python\\lib\\site-packages\\selenium\\webdriver\\remote\\webdriver.py\", line 430, in execute\n    self.error_handler.check_response(response)\n  File \"d:\\工具\\python\\lib\\site-packages\\selenium\\webdriver\\remote\\errorhandler.py\", line 247, in check_response\n    raise exception_class(message, screen, stacktrace)\n",
    "steps" : [ ],
    "attachments" : [ ],
    "parameters" : [ ],
    "stepsCount" : 0,
    "hasContent" : true,
    "attachmentsCount" : 0,
    "shouldDisplayMessage" : true
  } ],
  "labels" : [ {
    "name" : "story",
    "value" : "报备人员面试通过"
  }, {
    "name" : "feature",
    "value" : "正常报备"
  }, {
    "name" : "tag",
    "value" : "run(order=4)"
  }, {
    "name" : "tag",
    "value" : "workspace"
  }, {
    "name" : "parentSuite",
    "value" : "cases"
  }, {
    "name" : "suite",
    "value" : "test_case_pytest"
  }, {
    "name" : "host",
    "value" : "LAPTOP-5D6NI12E"
  }, {
    "name" : "thread",
    "value" : "25904-MainThread"
  }, {
    "name" : "framework",
    "value" : "pytest"
  }, {
    "name" : "language",
    "value" : "cpython3"
  }, {
    "name" : "package",
    "value" : "cases.test_case_pytest"
  }, {
    "name" : "resultFormat",
    "value" : "allure2"
  } ],
  "parameters" : [ ],
  "links" : [ ],
  "hidden" : true,
  "retry" : true,
  "extra" : {
    "categories" : [ ],
    "tags" : [ "workspace", "run(order=4)" ]
  },
  "source" : "b569431d0bd0e57e.json",
  "parameterValues" : [ ]
}